0 verbose cli C:\Program Files\nodejs\node.exe C:\Users\Humberto Manjarres\AppData\Roaming\npm\node_modules\npm\bin\npm-cli.js
1 info using npm@8.12.2
2 info using node@v16.14.0
3 timing npm:load:whichnode Completed in 1ms
4 timing config:load:defaults Completed in 5ms
5 timing config:load:file:C:\Users\Humberto Manjarres\AppData\Roaming\npm\node_modules\npm\npmrc Completed in 4ms
6 timing config:load:builtin Completed in 4ms
7 timing config:load:cli Completed in 4ms
8 timing config:load:env Completed in 1ms
9 timing config:load:file:C:\Users\Humberto Manjarres\Desktop\CURSOS\ANGULAR\Angular Fernando Herrera\Angular-adv\04-backend-server\.npmrc Completed in 0ms
10 timing config:load:project Completed in 10ms
11 timing config:load:file:C:\Users\Humberto Manjarres\.npmrc Completed in 0ms
12 timing config:load:user Completed in 0ms
13 timing config:load:file:C:\Users\Humberto Manjarres\AppData\Roaming\npm\etc\npmrc Completed in 1ms
14 timing config:load:global Completed in 2ms
15 timing config:load:validate Completed in 0ms
16 timing config:load:credentials Completed in 2ms
17 timing config:load:setEnvs Completed in 2ms
18 timing config:load Completed in 32ms
19 timing npm:load:configload Completed in 33ms
20 timing npm:load:mkdirpcache Completed in 2ms
21 timing npm:load:mkdirplogs Completed in 1ms
22 verbose title npm install google-auth-library
23 verbose argv "install" "google-auth-library" "--save"
24 timing npm:load:setTitle Completed in 3ms
25 timing config:load:flatten Completed in 6ms
26 timing npm:load:display Completed in 9ms
27 verbose logfile logs-max:10 dir:C:\Users\Humberto Manjarres\Desktop\CURSOS\ANGULAR\Angular Fernando Herrera\Angular-adv\04-backend-server\tmpnodejsnpm-cache\_logs
28 verbose logfile C:\Users\Humberto Manjarres\Desktop\CURSOS\ANGULAR\Angular Fernando Herrera\Angular-adv\04-backend-server\tmpnodejsnpm-cache\_logs\2022-11-19T17_27_04_092Z-debug-0.log
29 timing npm:load:logFile Completed in 54ms
30 timing npm:load:timers Completed in 1ms
31 timing npm:load:configScope Completed in 0ms
32 timing npm:load Completed in 105ms
33 timing arborist:ctor Completed in 1ms
34 silly logfile start cleaning logs, removing 2 files
35 silly logfile done cleaning log files
36 timing idealTree:init Completed in 406ms
37 timing idealTree:userRequests Completed in 5ms
38 silly idealTree buildDeps
39 silly fetch manifest google-auth-library@*
40 timing arborist:ctor Completed in 1ms
41 http fetch GET 200 https://registry.npmjs.org/google-auth-library 1222ms (cache miss)
42 silly placeDep ROOT google-auth-library@8.7.0 OK for: 04-backend-server@1.0.0 want: *
43 silly fetch manifest arrify@^2.0.0
44 silly fetch manifest fast-text-encoding@^1.0.0
45 silly fetch manifest gaxios@^5.0.0
46 silly fetch manifest gcp-metadata@^5.0.0
47 silly fetch manifest gtoken@^6.1.0
48 silly fetch manifest jws@^4.0.0
49 silly fetch manifest lru-cache@^6.0.0
50 http fetch GET 200 https://registry.npmjs.org/arrify 108ms (cache miss)
51 http fetch GET 200 https://registry.npmjs.org/jws 218ms (cache revalidated)
52 http fetch GET 200 https://registry.npmjs.org/gtoken 371ms (cache miss)
53 http fetch GET 200 https://registry.npmjs.org/gcp-metadata 377ms (cache miss)
54 http fetch GET 200 https://registry.npmjs.org/lru-cache 398ms (cache miss)
55 http fetch GET 200 https://registry.npmjs.org/gaxios 469ms (cache miss)
56 http fetch GET 200 https://registry.npmjs.org/fast-text-encoding 644ms (cache miss)
57 timing idealTree:#root Completed in 1907ms
58 silly placeDep ROOT arrify@2.0.1 OK for: google-auth-library@8.7.0 want: ^2.0.0
59 silly placeDep ROOT fast-text-encoding@1.0.6 OK for: google-auth-library@8.7.0 want: ^1.0.0
60 silly placeDep ROOT gaxios@5.0.2 OK for: google-auth-library@8.7.0 want: ^5.0.0
61 silly placeDep ROOT gcp-metadata@5.0.1 OK for: google-auth-library@8.7.0 want: ^5.0.0
62 silly placeDep ROOT gtoken@6.1.2 OK for: google-auth-library@8.7.0 want: ^6.1.0
63 silly placeDep node_modules/google-auth-library jws@4.0.0 OK for: google-auth-library@8.7.0 want: ^4.0.0
64 silly placeDep ROOT lru-cache@6.0.0 OK for: google-auth-library@8.7.0 want: ^6.0.0
65 silly fetch manifest extend@^3.0.2
66 silly fetch manifest https-proxy-agent@^5.0.0
67 silly fetch manifest is-stream@^2.0.0
68 silly fetch manifest node-fetch@^2.6.7
69 silly fetch manifest json-bigint@^1.0.0
70 silly fetch manifest google-p12-pem@^4.0.0
71 silly fetch manifest jwa@^2.0.0
72 silly fetch manifest yallist@^4.0.0
73 http fetch GET 200 https://registry.npmjs.org/extend 189ms (cache miss)
74 http fetch GET 200 https://registry.npmjs.org/json-bigint 209ms (cache miss)
75 http fetch GET 200 https://registry.npmjs.org/is-stream 219ms (cache miss)
76 http fetch GET 200 https://registry.npmjs.org/https-proxy-agent 230ms (cache miss)
77 http fetch GET 200 https://registry.npmjs.org/node-fetch 245ms (cache miss)
78 http fetch GET 200 https://registry.npmjs.org/yallist 277ms (cache miss)
79 http fetch GET 200 https://registry.npmjs.org/google-p12-pem 532ms (cache miss)
80 http fetch GET 200 https://registry.npmjs.org/jwa 734ms (cache revalidated)
81 timing idealTree:node_modules/google-auth-library Completed in 800ms
82 timing idealTree:node_modules/arrify Completed in 0ms
83 timing idealTree:node_modules/fast-text-encoding Completed in 0ms
84 silly fetch manifest encoding@^0.1.0
85 http fetch GET 200 https://registry.npmjs.org/encoding 113ms (cache miss)
86 silly placeDep ROOT extend@3.0.2 OK for: gaxios@5.0.2 want: ^3.0.2
87 silly placeDep ROOT https-proxy-agent@5.0.1 OK for: gaxios@5.0.2 want: ^5.0.0
88 silly placeDep ROOT is-stream@2.0.1 OK for: gaxios@5.0.2 want: ^2.0.0
89 silly placeDep ROOT node-fetch@2.6.7 OK for: gaxios@5.0.2 want: ^2.6.7
90 silly fetch manifest agent-base@6
91 silly fetch manifest debug@4
92 silly fetch manifest whatwg-url@^5.0.0
93 http fetch GET 200 https://registry.npmjs.org/debug 169ms (cache revalidated)
94 http fetch GET 200 https://registry.npmjs.org/whatwg-url 166ms (cache revalidated)
95 http fetch GET 200 https://registry.npmjs.org/agent-base 187ms (cache miss)
96 timing idealTree:node_modules/gaxios Completed in 326ms
97 timing idealTree:node_modules/extend Completed in 0ms
98 silly placeDep ROOT json-bigint@1.0.0 OK for: gcp-metadata@5.0.1 want: ^1.0.0
99 silly fetch manifest bignumber.js@^9.0.0
100 http fetch GET 200 https://registry.npmjs.org/bignumber.js 1248ms (cache miss)
101 timing idealTree:node_modules/gcp-metadata Completed in 1260ms
102 silly placeDep ROOT google-p12-pem@4.0.1 OK for: gtoken@6.1.2 want: ^4.0.0
103 silly placeDep node_modules/gtoken jws@4.0.0 OK for: gtoken@6.1.2 want: ^4.0.0
104 silly fetch manifest node-forge@^1.3.1
105 http fetch GET 200 https://registry.npmjs.org/node-forge 184ms (cache miss)
106 timing idealTree:node_modules/gtoken Completed in 208ms
107 silly placeDep ROOT node-forge@1.3.1 OK for: google-p12-pem@4.0.1 want: ^1.3.1
108 timing idealTree:node_modules/google-p12-pem Completed in 4ms
109 silly placeDep ROOT agent-base@6.0.2 OK for: https-proxy-agent@5.0.1 want: 6
110 silly placeDep node_modules/https-proxy-agent debug@4.3.4 OK for: https-proxy-agent@5.0.1 want: 4
111 silly fetch manifest ms@2.1.2
112 http fetch GET 200 https://registry.npmjs.org/ms 139ms (cache revalidated)
113 timing idealTree:node_modules/https-proxy-agent Completed in 153ms
114 silly placeDep node_modules/agent-base debug@4.3.4 OK for: agent-base@6.0.2 want: 4
115 timing idealTree:node_modules/agent-base Completed in 5ms
116 timing idealTree:node_modules/is-stream Completed in 0ms
117 silly placeDep ROOT bignumber.js@9.1.0 OK for: json-bigint@1.0.0 want: ^9.0.0
118 timing idealTree:node_modules/json-bigint Completed in 8ms
119 timing idealTree:node_modules/bignumber.js Completed in 0ms
120 silly placeDep ROOT yallist@4.0.0 OK for: lru-cache@6.0.0 want: ^4.0.0
121 timing idealTree:node_modules/lru-cache Completed in 4ms
122 silly placeDep node_modules/node-fetch whatwg-url@5.0.0 OK for: node-fetch@2.6.7 want: ^5.0.0
123 silly fetch manifest tr46@~0.0.3
124 silly fetch manifest webidl-conversions@^3.0.0
125 http fetch GET 200 https://registry.npmjs.org/webidl-conversions 113ms (cache revalidated)
126 http fetch GET 200 https://registry.npmjs.org/tr46 119ms (cache revalidated)
127 timing idealTree:node_modules/node-fetch Completed in 129ms
128 timing idealTree:node_modules/node-forge Completed in 0ms
129 timing idealTree:node_modules/yallist Completed in 0ms
130 silly placeDep node_modules/agent-base ms@2.1.2 OK for: debug@4.3.4 want: 2.1.2
131 timing idealTree:node_modules/agent-base/node_modules/debug Completed in 5ms
132 timing idealTree:node_modules/agent-base/node_modules/ms Completed in 0ms
133 silly placeDep node_modules/google-auth-library jwa@2.0.0 OK for: jws@4.0.0 want: ^2.0.0
134 timing idealTree:node_modules/google-auth-library/node_modules/jws Completed in 5ms
135 timing idealTree:node_modules/google-auth-library/node_modules/jwa Completed in 0ms
136 silly placeDep node_modules/gtoken jwa@2.0.0 OK for: jws@4.0.0 want: ^2.0.0
137 timing idealTree:node_modules/gtoken/node_modules/jws Completed in 5ms
138 timing idealTree:node_modules/gtoken/node_modules/jwa Completed in 0ms
139 silly placeDep node_modules/https-proxy-agent ms@2.1.2 OK for: debug@4.3.4 want: 2.1.2
140 timing idealTree:node_modules/https-proxy-agent/node_modules/debug Completed in 3ms
141 timing idealTree:node_modules/https-proxy-agent/node_modules/ms Completed in 0ms
142 silly placeDep node_modules/node-fetch tr46@0.0.3 OK for: whatwg-url@5.0.0 want: ~0.0.3
143 silly placeDep node_modules/node-fetch webidl-conversions@3.0.1 OK for: whatwg-url@5.0.0 want: ^3.0.0
144 timing idealTree:node_modules/node-fetch/node_modules/whatwg-url Completed in 7ms
145 timing idealTree:node_modules/node-fetch/node_modules/tr46 Completed in 0ms
146 timing idealTree:node_modules/node-fetch/node_modules/webidl-conversions Completed in 0ms
147 timing idealTree:buildDeps Completed in 4836ms
148 timing idealTree:fixDepFlags Completed in 13ms
149 timing idealTree Completed in 5310ms
150 timing reify:loadTrees Completed in 5313ms
151 timing reify:diffTrees Completed in 114ms
152 silly reify moves {}
153 timing reify:retireShallow Completed in 6ms
154 timing reify:createSparse Completed in 227ms
155 timing reify:loadBundles Completed in 0ms
156 silly audit bulk request {
156 silly audit   '@aws-crypto/ie11-detection': [ '2.0.2' ],
156 silly audit   tslib: [ '1.14.1', '2.4.1' ],
156 silly audit   '@aws-crypto/sha256-browser': [ '2.0.0' ],
156 silly audit   '@aws-crypto/sha256-js': [ '2.0.0' ],
156 silly audit   '@aws-crypto/supports-web-crypto': [ '2.0.2' ],
156 silly audit   '@aws-crypto/util': [ '2.0.2' ],
156 silly audit   '@aws-sdk/abort-controller': [ '3.201.0' ],
156 silly audit   '@aws-sdk/client-cognito-identity': [ '3.204.0' ],
156 silly audit   '@aws-sdk/client-sso': [ '3.204.0' ],
156 silly audit   '@aws-sdk/client-sts': [ '3.204.0' ],
156 silly audit   '@aws-sdk/config-resolver': [ '3.201.0' ],
156 silly audit   '@aws-sdk/credential-provider-cognito-identity': [ '3.204.0' ],
156 silly audit   '@aws-sdk/credential-provider-env': [ '3.201.0' ],
156 silly audit   '@aws-sdk/credential-provider-imds': [ '3.201.0' ],
156 silly audit   '@aws-sdk/credential-provider-ini': [ '3.204.0' ],
156 silly audit   '@aws-sdk/credential-provider-node': [ '3.204.0' ],
156 silly audit   '@aws-sdk/credential-provider-process': [ '3.201.0' ],
156 silly audit   '@aws-sdk/credential-provider-sso': [ '3.204.0' ],
156 silly audit   '@aws-sdk/credential-provider-web-identity': [ '3.201.0' ],
156 silly audit   '@aws-sdk/credential-providers': [ '3.204.0' ],
156 silly audit   '@aws-sdk/fetch-http-handler': [ '3.204.0' ],
156 silly audit   '@aws-sdk/hash-node': [ '3.201.0' ],
156 silly audit   '@aws-sdk/invalid-dependency': [ '3.201.0' ],
156 silly audit   '@aws-sdk/is-array-buffer': [ '3.201.0' ],
156 silly audit   '@aws-sdk/middleware-content-length': [ '3.201.0' ],
156 silly audit   '@aws-sdk/middleware-endpoint': [ '3.201.0' ],
156 silly audit   '@aws-sdk/middleware-host-header': [ '3.201.0' ],
156 silly audit   '@aws-sdk/middleware-logger': [ '3.201.0' ],
156 silly audit   '@aws-sdk/middleware-recursion-detection': [ '3.201.0' ],
156 silly audit   '@aws-sdk/middleware-retry': [ '3.201.0' ],
156 silly audit   uuid: [ '8.3.2', '9.0.0' ],
156 silly audit   '@aws-sdk/middleware-sdk-sts': [ '3.201.0' ],
156 silly audit   '@aws-sdk/middleware-serde': [ '3.201.0' ],
156 silly audit   '@aws-sdk/middleware-signing': [ '3.201.0' ],
156 silly audit   '@aws-sdk/middleware-stack': [ '3.201.0' ],
156 silly audit   '@aws-sdk/middleware-user-agent': [ '3.201.0' ],
156 silly audit   '@aws-sdk/node-config-provider': [ '3.201.0' ],
156 silly audit   '@aws-sdk/node-http-handler': [ '3.201.0' ],
156 silly audit   '@aws-sdk/property-provider': [ '3.201.0' ],
156 silly audit   '@aws-sdk/protocol-http': [ '3.201.0' ],
156 silly audit   '@aws-sdk/querystring-builder': [ '3.201.0' ],
156 silly audit   '@aws-sdk/querystring-parser': [ '3.201.0' ],
156 silly audit   '@aws-sdk/service-error-classification': [ '3.201.0' ],
156 silly audit   '@aws-sdk/shared-ini-file-loader': [ '3.201.0' ],
156 silly audit   '@aws-sdk/signature-v4': [ '3.201.0' ],
156 silly audit   '@aws-sdk/smithy-client': [ '3.201.0' ],
156 silly audit   '@aws-sdk/types': [ '3.201.0' ],
156 silly audit   '@aws-sdk/url-parser': [ '3.201.0' ],
156 silly audit   '@aws-sdk/util-base64': [ '3.202.0' ],
156 silly audit   '@aws-sdk/util-base64-browser': [ '3.188.0' ],
156 silly audit   '@aws-sdk/util-base64-node': [ '3.201.0' ],
156 silly audit   '@aws-sdk/util-body-length-browser': [ '3.188.0' ],
156 silly audit   '@aws-sdk/util-body-length-node': [ '3.201.0' ],
156 silly audit   '@aws-sdk/util-buffer-from': [ '3.201.0' ],
156 silly audit   '@aws-sdk/util-config-provider': [ '3.201.0' ],
156 silly audit   '@aws-sdk/util-defaults-mode-browser': [ '3.201.0' ],
156 silly audit   '@aws-sdk/util-defaults-mode-node': [ '3.201.0' ],
156 silly audit   '@aws-sdk/util-endpoints': [ '3.202.0' ],
156 silly audit   '@aws-sdk/util-hex-encoding': [ '3.201.0' ],
156 silly audit   '@aws-sdk/util-locate-window': [ '3.201.0' ],
156 silly audit   '@aws-sdk/util-middleware': [ '3.201.0' ],
156 silly audit   '@aws-sdk/util-uri-escape': [ '3.201.0' ],
156 silly audit   '@aws-sdk/util-user-agent-browser': [ '3.201.0' ],
156 silly audit   '@aws-sdk/util-user-agent-node': [ '3.201.0' ],
156 silly audit   '@aws-sdk/util-utf8-browser': [ '3.188.0' ],
156 silly audit   '@aws-sdk/util-utf8-node': [ '3.201.0' ],
156 silly audit   '@types/node': [ '18.11.9' ],
156 silly audit   '@types/webidl-conversions': [ '7.0.0' ],
156 silly audit   '@types/whatwg-url': [ '8.2.2' ],
156 silly audit   accepts: [ '1.3.8' ],
156 silly audit   'array-flatten': [ '1.1.1' ],
156 silly audit   'base64-js': [ '1.5.1' ],
156 silly audit   bcryptjs: [ '2.4.3' ],
156 silly audit   'body-parser': [ '1.20.1' ],
156 silly audit   bowser: [ '2.11.0' ],
156 silly audit   bson: [ '4.7.0' ],
156 silly audit   buffer: [ '5.7.1' ],
156 silly audit   'buffer-equal-constant-time': [ '1.0.1' ],
156 silly audit   busboy: [ '1.6.0' ],
156 silly audit   bytes: [ '3.1.2' ],
156 silly audit   'call-bind': [ '1.0.2' ],
156 silly audit   'content-disposition': [ '0.5.4' ],
156 silly audit   'content-type': [ '1.0.4' ],
156 silly audit   cookie: [ '0.5.0' ],
156 silly audit   'cookie-signature': [ '1.0.6' ],
156 silly audit   cors: [ '2.8.5' ],
156 silly audit   debug: [ '2.6.9', '4.3.4' ],
156 silly audit   denque: [ '2.1.0' ],
156 silly audit   depd: [ '2.0.0' ],
156 silly audit   destroy: [ '1.2.0' ],
156 silly audit   dotenv: [ '16.0.3' ],
156 silly audit   'ecdsa-sig-formatter': [ '1.0.11' ],
156 silly audit   'ee-first': [ '1.1.1' ],
156 silly audit   encodeurl: [ '1.0.2' ],
156 silly audit   'escape-html': [ '1.0.3' ],
156 silly audit   etag: [ '1.8.1' ],
156 silly audit   express: [ '4.18.2' ],
156 silly audit   'express-fileupload': [ '1.4.0' ],
156 silly audit   'express-validator': [ '6.14.2' ],
156 silly audit   'fast-xml-parser': [ '4.0.11' ],
156 silly audit   finalhandler: [ '1.2.0' ],
156 silly audit   forwarded: [ '0.2.0' ],
156 silly audit   fresh: [ '0.5.2' ],
156 silly audit   'function-bind': [ '1.1.1' ],
156 silly audit   'get-intrinsic': [ '1.1.3' ],
156 silly audit   has: [ '1.0.3' ],
156 silly audit   'has-symbols': [ '1.0.3' ],
156 silly audit   'http-errors': [ '2.0.0' ],
156 silly audit   'iconv-lite': [ '0.4.24' ],
156 silly audit   ieee754: [ '1.2.1' ],
156 silly audit   inherits: [ '2.0.4' ],
156 silly audit   ip: [ '2.0.0' ],
156 silly audit   'ipaddr.js': [ '1.9.1' ],
156 silly audit   jsonwebtoken: [ '8.5.1' ],
156 silly audit   ms: [ '2.1.3', '2.1.2', '2.0.0' ],
156 silly audit   jwa: [ '1.4.1', '2.0.0' ],
156 silly audit   jws: [ '3.2.2', '4.0.0' ],
156 silly audit   kareem: [ '2.4.1' ],
156 silly audit   lodash: [ '4.17.21' ],
156 silly audit   'lodash.includes': [ '4.3.0' ],
156 silly audit   'lodash.isboolean': [ '3.0.3' ],
156 silly audit   'lodash.isinteger': [ '4.0.4' ],
156 silly audit   'lodash.isnumber': [ '3.0.3' ],
156 silly audit   'lodash.isplainobject': [ '4.0.6' ],
156 silly audit   'lodash.isstring': [ '4.0.1' ],
156 silly audit   'lodash.once': [ '4.1.1' ],
156 silly audit   'media-typer': [ '0.3.0' ],
156 silly audit   'memory-pager': [ '1.5.0' ],
156 silly audit   'merge-descriptors': [ '1.0.1' ],
156 silly audit   methods: [ '1.1.2' ],
156 silly audit   mime: [ '1.6.0' ],
156 silly audit   'mime-db': [ '1.52.0' ],
156 silly audit   'mime-types': [ '2.1.35' ],
156 silly audit   mongodb: [ '4.11.0' ],
156 silly audit   'mongodb-connection-string-url': [ '2.5.4' ],
156 silly audit   mongoose: [ '6.7.1' ],
156 silly audit   mongose: [ '0.0.2-security' ],
156 silly audit   mpath: [ '0.9.0' ],
156 silly audit   mquery: [ '4.0.3' ],
156 silly audit   negotiator: [ '0.6.3' ],
156 silly audit   'object-assign': [ '4.1.1' ],
156 silly audit   'object-inspect': [ '1.12.2' ],
156 silly audit   'on-finished': [ '2.4.1' ],
156 silly audit   parseurl: [ '1.3.3' ],
156 silly audit   'path-to-regexp': [ '0.1.7' ],
156 silly audit   'proxy-addr': [ '2.0.7' ],
156 silly audit   punycode: [ '2.1.1' ],
156 silly audit   qs: [ '6.11.0' ],
156 silly audit   'range-parser': [ '1.2.1' ],
156 silly audit   'raw-body': [ '2.5.1' ],
156 silly audit   'safe-buffer': [ '5.2.1' ],
156 silly audit   'safer-buffer': [ '2.1.2' ],
156 silly audit   saslprep: [ '1.0.3' ],
156 silly audit   semver: [ '5.7.1' ],
156 silly audit   send: [ '0.18.0' ],
156 silly audit   'serve-static': [ '1.15.0' ],
156 silly audit   setprototypeof: [ '1.2.0' ],
156 silly audit   'side-channel': [ '1.0.4' ],
156 silly audit   sift: [ '16.0.1' ],
156 silly audit   'smart-buffer': [ '4.2.0' ],
156 silly audit   socks: [ '2.7.1' ],
156 silly audit   'sparse-bitfield': [ '3.0.3' ],
156 silly audit   statuses: [ '2.0.1' ],
156 silly audit   streamsearch: [ '1.1.0' ],
156 silly audit   strnum: [ '1.0.5' ],
156 silly audit   toidentifier: [ '1.0.1' ],
156 silly audit   tr46: [ '3.0.0', '0.0.3' ],
156 silly audit   'type-is': [ '1.6.18' ],
156 silly audit   unpipe: [ '1.0.0' ],
156 silly audit   'utils-merge': [ '1.0.1' ],
156 silly audit   validator: [ '13.7.0' ],
156 silly audit   vary: [ '1.1.2' ],
156 silly audit   'webidl-conversions': [ '7.0.0', '3.0.1' ],
156 silly audit   'whatwg-url': [ '11.0.0', '5.0.0' ],
156 silly audit   'google-auth-library': [ '8.7.0' ],
156 silly audit   arrify: [ '2.0.1' ],
156 silly audit   'fast-text-encoding': [ '1.0.6' ],
156 silly audit   gaxios: [ '5.0.2' ],
156 silly audit   'gcp-metadata': [ '5.0.1' ],
156 silly audit   gtoken: [ '6.1.2' ],
156 silly audit   'lru-cache': [ '6.0.0' ],
156 silly audit   extend: [ '3.0.2' ],
156 silly audit   'https-proxy-agent': [ '5.0.1' ],
156 silly audit   'is-stream': [ '2.0.1' ],
156 silly audit   'node-fetch': [ '2.6.7' ],
156 silly audit   'json-bigint': [ '1.0.0' ],
156 silly audit   'google-p12-pem': [ '4.0.1' ],
156 silly audit   'node-forge': [ '1.3.1' ],
156 silly audit   'agent-base': [ '6.0.2' ],
156 silly audit   'bignumber.js': [ '9.1.0' ],
156 silly audit   yallist: [ '4.0.0' ]
156 silly audit }
157 silly tarball no local data for yallist@https://registry.npmjs.org/yallist/-/yallist-4.0.0.tgz. Extracting by manifest.
158 silly tarball no local data for bignumber.js@https://registry.npmjs.org/bignumber.js/-/bignumber.js-9.1.0.tgz. Extracting by manifest.
159 silly tarball no local data for google-p12-pem@https://registry.npmjs.org/google-p12-pem/-/google-p12-pem-4.0.1.tgz. Extracting by manifest.
160 silly tarball no local data for agent-base@https://registry.npmjs.org/agent-base/-/agent-base-6.0.2.tgz. Extracting by manifest.
161 silly tarball no local data for json-bigint@https://registry.npmjs.org/json-bigint/-/json-bigint-1.0.0.tgz. Extracting by manifest.
162 silly tarball no local data for node-fetch@https://registry.npmjs.org/node-fetch/-/node-fetch-2.6.7.tgz. Extracting by manifest.
163 silly tarball no local data for is-stream@https://registry.npmjs.org/is-stream/-/is-stream-2.0.1.tgz. Extracting by manifest.
164 silly tarball no local data for https-proxy-agent@https://registry.npmjs.org/https-proxy-agent/-/https-proxy-agent-5.0.1.tgz. Extracting by manifest.
165 silly tarball no local data for extend@https://registry.npmjs.org/extend/-/extend-3.0.2.tgz. Extracting by manifest.
166 silly tarball no local data for gtoken@https://registry.npmjs.org/gtoken/-/gtoken-6.1.2.tgz. Extracting by manifest.
167 silly tarball no local data for fast-text-encoding@https://registry.npmjs.org/fast-text-encoding/-/fast-text-encoding-1.0.6.tgz. Extracting by manifest.
168 silly tarball no local data for arrify@https://registry.npmjs.org/arrify/-/arrify-2.0.1.tgz. Extracting by manifest.
169 silly tarball no local data for gaxios@https://registry.npmjs.org/gaxios/-/gaxios-5.0.2.tgz. Extracting by manifest.
170 silly tarball no local data for lru-cache@https://registry.npmjs.org/lru-cache/-/lru-cache-6.0.0.tgz. Extracting by manifest.
171 silly tarball no local data for node-forge@https://registry.npmjs.org/node-forge/-/node-forge-1.3.1.tgz. Extracting by manifest.
172 silly tarball no local data for gcp-metadata@https://registry.npmjs.org/gcp-metadata/-/gcp-metadata-5.0.1.tgz. Extracting by manifest.
173 silly tarball no local data for google-auth-library@https://registry.npmjs.org/google-auth-library/-/google-auth-library-8.7.0.tgz. Extracting by manifest.
174 silly tarball no local data for tr46@https://registry.npmjs.org/tr46/-/tr46-0.0.3.tgz. Extracting by manifest.
175 silly tarball no local data for whatwg-url@https://registry.npmjs.org/whatwg-url/-/whatwg-url-5.0.0.tgz. Extracting by manifest.
176 silly tarball no local data for webidl-conversions@https://registry.npmjs.org/webidl-conversions/-/webidl-conversions-3.0.1.tgz. Extracting by manifest.
177 silly tarball no local data for jwa@https://registry.npmjs.org/jwa/-/jwa-2.0.0.tgz. Extracting by manifest.
178 silly tarball no local data for jws@https://registry.npmjs.org/jws/-/jws-4.0.0.tgz. Extracting by manifest.
179 silly tarball no local data for jwa@https://registry.npmjs.org/jwa/-/jwa-2.0.0.tgz. Extracting by manifest.
180 silly tarball no local data for jws@https://registry.npmjs.org/jws/-/jws-4.0.0.tgz. Extracting by manifest.
181 http fetch POST 200 https://registry.npmjs.org/-/npm/v1/security/advisories/bulk 621ms
182 timing auditReport:getReport Completed in 656ms
183 silly audit report {}
184 timing auditReport:init Completed in 1ms
185 timing reify:audit Completed in 659ms
186 timing reifyNode:node_modules/https-proxy-agent/node_modules/ms Completed in 1536ms
187 timing reifyNode:node_modules/agent-base/node_modules/ms Completed in 1547ms
188 http fetch GET 200 https://registry.npmjs.org/is-stream/-/is-stream-2.0.1.tgz 1187ms (cache miss)
189 http fetch GET 200 https://registry.npmjs.org/yallist/-/yallist-4.0.0.tgz 1278ms (cache miss)
190 http fetch GET 200 https://registry.npmjs.org/jwa/-/jwa-2.0.0.tgz 1226ms (cache miss)
191 timing reifyNode:node_modules/gtoken/node_modules/jwa Completed in 1697ms
192 timing reifyNode:node_modules/is-stream Completed in 1700ms
193 timing reifyNode:node_modules/yallist Completed in 1709ms
194 http fetch GET 200 https://registry.npmjs.org/jwa/-/jwa-2.0.0.tgz 1218ms (cache miss)
195 http fetch GET 200 https://registry.npmjs.org/webidl-conversions/-/webidl-conversions-3.0.1.tgz 1241ms (cache miss)
196 timing reifyNode:node_modules/node-fetch/node_modules/webidl-conversions Completed in 1707ms
197 timing reifyNode:node_modules/google-auth-library/node_modules/jwa Completed in 1707ms
198 http fetch GET 200 https://registry.npmjs.org/json-bigint/-/json-bigint-1.0.0.tgz 1683ms (cache miss)
199 http fetch GET 200 https://registry.npmjs.org/arrify/-/arrify-2.0.1.tgz 1757ms (cache miss)
200 timing reifyNode:node_modules/arrify Completed in 2183ms
201 http fetch GET 200 https://registry.npmjs.org/lru-cache/-/lru-cache-6.0.0.tgz 1765ms (cache miss)
202 timing reifyNode:node_modules/lru-cache Completed in 2202ms
203 timing reifyNode:node_modules/json-bigint Completed in 2230ms
204 timing reifyNode:node_modules/agent-base/node_modules/debug Completed in 2246ms
205 timing reifyNode:node_modules/https-proxy-agent/node_modules/debug Completed in 2264ms
206 http fetch GET 200 https://registry.npmjs.org/gcp-metadata/-/gcp-metadata-5.0.1.tgz 2065ms (cache miss)
207 http fetch GET 200 https://registry.npmjs.org/whatwg-url/-/whatwg-url-5.0.0.tgz 2061ms (cache miss)
208 http fetch GET 200 https://registry.npmjs.org/google-p12-pem/-/google-p12-pem-4.0.1.tgz 2134ms (cache miss)
209 timing reifyNode:node_modules/gcp-metadata Completed in 2649ms
210 http fetch GET 200 https://registry.npmjs.org/fast-text-encoding/-/fast-text-encoding-1.0.6.tgz 2266ms (cache miss)
211 timing reifyNode:node_modules/fast-text-encoding Completed in 2688ms
212 timing reifyNode:node_modules/google-p12-pem Completed in 2767ms
213 http fetch GET 200 https://registry.npmjs.org/jws/-/jws-4.0.0.tgz 2278ms (cache miss)
214 timing reifyNode:node_modules/node-fetch/node_modules/whatwg-url Completed in 2768ms
215 timing reifyNode:node_modules/google-auth-library/node_modules/jws Completed in 2789ms
216 http fetch GET 200 https://registry.npmjs.org/agent-base/-/agent-base-6.0.2.tgz 2406ms (cache miss)
217 http fetch GET 200 https://registry.npmjs.org/jws/-/jws-4.0.0.tgz 2331ms (cache miss)
218 timing reifyNode:node_modules/gtoken/node_modules/jws Completed in 2802ms
219 http fetch GET 200 https://registry.npmjs.org/gtoken/-/gtoken-6.1.2.tgz 2389ms (cache miss)
220 timing reifyNode:node_modules/gtoken Completed in 2808ms
221 timing reifyNode:node_modules/agent-base Completed in 2823ms
222 http fetch GET 200 https://registry.npmjs.org/node-fetch/-/node-fetch-2.6.7.tgz 2510ms (cache miss)
223 timing reifyNode:node_modules/node-fetch Completed in 2914ms
224 http fetch GET 200 https://registry.npmjs.org/extend/-/extend-3.0.2.tgz 2759ms (cache miss)
225 timing reifyNode:node_modules/extend Completed in 3174ms
226 http fetch GET 200 https://registry.npmjs.org/https-proxy-agent/-/https-proxy-agent-5.0.1.tgz 2879ms (cache miss)
227 http fetch GET 200 https://registry.npmjs.org/bignumber.js/-/bignumber.js-9.1.0.tgz 2910ms (cache miss)
228 timing reifyNode:node_modules/https-proxy-agent Completed in 3568ms
229 timing reifyNode:node_modules/bignumber.js Completed in 3576ms
230 http fetch GET 200 https://registry.npmjs.org/tr46/-/tr46-0.0.3.tgz 3478ms (cache miss)
231 timing reifyNode:node_modules/node-fetch/node_modules/tr46 Completed in 3930ms
232 http fetch GET 200 https://registry.npmjs.org/gaxios/-/gaxios-5.0.2.tgz 4587ms (cache miss)
233 timing reifyNode:node_modules/gaxios Completed in 5113ms
234 http fetch GET 200 https://registry.npmjs.org/google-auth-library/-/google-auth-library-8.7.0.tgz 8532ms (cache miss)
235 timing reifyNode:node_modules/google-auth-library Completed in 8985ms
236 http fetch GET 200 https://registry.npmjs.org/node-forge/-/node-forge-1.3.1.tgz 9246ms (cache miss)
237 timing reifyNode:node_modules/node-forge Completed in 9864ms
238 timing reify:unpack Completed in 9870ms
239 timing reify:unretire Completed in 0ms
240 timing build:queue Completed in 22ms
241 timing build:link:node_modules/google-p12-pem Completed in 31ms
242 timing build:link Completed in 33ms
243 timing build:deps Completed in 55ms
244 timing build Completed in 55ms
245 timing reify:build Completed in 57ms
246 timing reify:trash Completed in 1ms
247 timing reify:save Completed in 564ms
248 timing reify Completed in 16682ms
249 silly ADD node_modules/yallist
250 silly ADD node_modules/bignumber.js
251 silly ADD node_modules/agent-base
252 silly ADD node_modules/agent-base/node_modules/ms
253 silly ADD node_modules/agent-base/node_modules/debug
254 silly ADD node_modules/node-forge
255 silly ADD node_modules/google-p12-pem
256 silly ADD node_modules/json-bigint
257 silly ADD node_modules/node-fetch
258 silly ADD node_modules/node-fetch/node_modules/webidl-conversions
259 silly ADD node_modules/node-fetch/node_modules/tr46
260 silly ADD node_modules/node-fetch/node_modules/whatwg-url
261 silly ADD node_modules/is-stream
262 silly ADD node_modules/https-proxy-agent
263 silly ADD node_modules/https-proxy-agent/node_modules/ms
264 silly ADD node_modules/https-proxy-agent/node_modules/debug
265 silly ADD node_modules/extend
266 silly ADD node_modules/lru-cache
267 silly ADD node_modules/gtoken
268 silly ADD node_modules/gtoken/node_modules/jwa
269 silly ADD node_modules/gtoken/node_modules/jws
270 silly ADD node_modules/gcp-metadata
271 silly ADD node_modules/gaxios
272 silly ADD node_modules/fast-text-encoding
273 silly ADD node_modules/arrify
274 silly ADD node_modules/google-auth-library
275 silly ADD node_modules/google-auth-library/node_modules/jwa
276 silly ADD node_modules/google-auth-library/node_modules/jws
277 timing command:install Completed in 16901ms
278 verbose exit 0
279 timing npm Completed in 17398ms
280 info ok
