0 verbose cli C:\Program Files\nodejs\node.exe C:\Users\Humberto Manjarres\AppData\Roaming\npm\node_modules\npm\bin\npm-cli.js
1 info using npm@8.12.2
2 info using node@v16.14.0
3 timing npm:load:whichnode Completed in 0ms
4 timing config:load:defaults Completed in 3ms
5 timing config:load:file:C:\Users\Humberto Manjarres\AppData\Roaming\npm\node_modules\npm\npmrc Completed in 4ms
6 timing config:load:builtin Completed in 5ms
7 timing config:load:cli Completed in 3ms
8 timing config:load:env Completed in 1ms
9 timing config:load:file:C:\Users\Humberto Manjarres\Desktop\CURSOS\ANGULAR\Angular Fernando Herrera\Angular-adv\04-backend-server\.npmrc Completed in 0ms
10 timing config:load:project Completed in 9ms
11 timing config:load:file:C:\Users\Humberto Manjarres\.npmrc Completed in 0ms
12 timing config:load:user Completed in 1ms
13 timing config:load:file:C:\Users\Humberto Manjarres\AppData\Roaming\npm\etc\npmrc Completed in 2ms
14 timing config:load:global Completed in 2ms
15 timing config:load:validate Completed in 1ms
16 timing config:load:credentials Completed in 2ms
17 timing config:load:setEnvs Completed in 3ms
18 timing config:load Completed in 32ms
19 timing npm:load:configload Completed in 33ms
20 timing npm:load:mkdirpcache Completed in 2ms
21 timing npm:load:mkdirplogs Completed in 0ms
22 verbose title npm i express-validator
23 verbose argv "i" "express-validator"
24 timing npm:load:setTitle Completed in 2ms
25 timing config:load:flatten Completed in 6ms
26 timing npm:load:display Completed in 10ms
27 verbose logfile logs-max:10 dir:C:\Users\Humberto Manjarres\Desktop\CURSOS\ANGULAR\Angular Fernando Herrera\Angular-adv\04-backend-server\tmpnodejsnpm-cache\_logs
28 verbose logfile C:\Users\Humberto Manjarres\Desktop\CURSOS\ANGULAR\Angular Fernando Herrera\Angular-adv\04-backend-server\tmpnodejsnpm-cache\_logs\2022-11-10T11_05_00_499Z-debug-0.log
29 timing npm:load:logFile Completed in 16ms
30 timing npm:load:timers Completed in 0ms
31 timing npm:load:configScope Completed in 0ms
32 timing npm:load Completed in 66ms
33 timing arborist:ctor Completed in 2ms
34 silly logfile start cleaning logs, removing 2 files
35 silly logfile done cleaning log files
36 timing idealTree:init Completed in 256ms
37 timing idealTree:userRequests Completed in 3ms
38 silly idealTree buildDeps
39 silly fetch manifest express-validator@*
40 timing arborist:ctor Completed in 1ms
41 http fetch GET 200 https://registry.npmjs.org/express-validator 970ms (cache miss)
42 silly placeDep ROOT express-validator@6.14.2 OK for: 04-backend-server@1.0.0 want: *
43 silly fetch manifest lodash@^4.17.21
44 silly fetch manifest validator@^13.7.0
45 http fetch GET 200 https://registry.npmjs.org/lodash 107ms (cache miss)
46 http fetch GET 200 https://registry.npmjs.org/validator 314ms (cache miss)
47 timing idealTree:#root Completed in 1310ms
48 silly placeDep ROOT lodash@4.17.21 OK for: express-validator@6.14.2 want: ^4.17.21
49 silly placeDep ROOT validator@13.7.0 OK for: express-validator@6.14.2 want: ^13.7.0
50 timing idealTree:node_modules/express-validator Completed in 6ms
51 timing idealTree:node_modules/lodash Completed in 0ms
52 timing idealTree:node_modules/validator Completed in 0ms
53 timing idealTree:buildDeps Completed in 1320ms
54 timing idealTree:fixDepFlags Completed in 8ms
55 timing idealTree Completed in 1592ms
56 timing reify:loadTrees Completed in 1594ms
57 timing reify:diffTrees Completed in 12ms
58 silly reify moves {}
59 timing reify:retireShallow Completed in 2ms
60 timing reify:createSparse Completed in 5ms
61 timing reify:loadBundles Completed in 0ms
62 silly audit bulk request {
62 silly audit   '@aws-crypto/ie11-detection': [ '2.0.2' ],
62 silly audit   tslib: [ '1.14.1', '2.4.1' ],
62 silly audit   '@aws-crypto/sha256-browser': [ '2.0.0' ],
62 silly audit   '@aws-crypto/sha256-js': [ '2.0.0' ],
62 silly audit   '@aws-crypto/supports-web-crypto': [ '2.0.2' ],
62 silly audit   '@aws-crypto/util': [ '2.0.2' ],
62 silly audit   '@aws-sdk/abort-controller': [ '3.201.0' ],
62 silly audit   '@aws-sdk/client-cognito-identity': [ '3.204.0' ],
62 silly audit   '@aws-sdk/client-sso': [ '3.204.0' ],
62 silly audit   '@aws-sdk/client-sts': [ '3.204.0' ],
62 silly audit   '@aws-sdk/config-resolver': [ '3.201.0' ],
62 silly audit   '@aws-sdk/credential-provider-cognito-identity': [ '3.204.0' ],
62 silly audit   '@aws-sdk/credential-provider-env': [ '3.201.0' ],
62 silly audit   '@aws-sdk/credential-provider-imds': [ '3.201.0' ],
62 silly audit   '@aws-sdk/credential-provider-ini': [ '3.204.0' ],
62 silly audit   '@aws-sdk/credential-provider-node': [ '3.204.0' ],
62 silly audit   '@aws-sdk/credential-provider-process': [ '3.201.0' ],
62 silly audit   '@aws-sdk/credential-provider-sso': [ '3.204.0' ],
62 silly audit   '@aws-sdk/credential-provider-web-identity': [ '3.201.0' ],
62 silly audit   '@aws-sdk/credential-providers': [ '3.204.0' ],
62 silly audit   '@aws-sdk/fetch-http-handler': [ '3.204.0' ],
62 silly audit   '@aws-sdk/hash-node': [ '3.201.0' ],
62 silly audit   '@aws-sdk/invalid-dependency': [ '3.201.0' ],
62 silly audit   '@aws-sdk/is-array-buffer': [ '3.201.0' ],
62 silly audit   '@aws-sdk/middleware-content-length': [ '3.201.0' ],
62 silly audit   '@aws-sdk/middleware-endpoint': [ '3.201.0' ],
62 silly audit   '@aws-sdk/middleware-host-header': [ '3.201.0' ],
62 silly audit   '@aws-sdk/middleware-logger': [ '3.201.0' ],
62 silly audit   '@aws-sdk/middleware-recursion-detection': [ '3.201.0' ],
62 silly audit   '@aws-sdk/middleware-retry': [ '3.201.0' ],
62 silly audit   '@aws-sdk/middleware-sdk-sts': [ '3.201.0' ],
62 silly audit   '@aws-sdk/middleware-serde': [ '3.201.0' ],
62 silly audit   '@aws-sdk/middleware-signing': [ '3.201.0' ],
62 silly audit   '@aws-sdk/middleware-stack': [ '3.201.0' ],
62 silly audit   '@aws-sdk/middleware-user-agent': [ '3.201.0' ],
62 silly audit   '@aws-sdk/node-config-provider': [ '3.201.0' ],
62 silly audit   '@aws-sdk/node-http-handler': [ '3.201.0' ],
62 silly audit   '@aws-sdk/property-provider': [ '3.201.0' ],
62 silly audit   '@aws-sdk/protocol-http': [ '3.201.0' ],
62 silly audit   '@aws-sdk/querystring-builder': [ '3.201.0' ],
62 silly audit   '@aws-sdk/querystring-parser': [ '3.201.0' ],
62 silly audit   '@aws-sdk/service-error-classification': [ '3.201.0' ],
62 silly audit   '@aws-sdk/shared-ini-file-loader': [ '3.201.0' ],
62 silly audit   '@aws-sdk/signature-v4': [ '3.201.0' ],
62 silly audit   '@aws-sdk/smithy-client': [ '3.201.0' ],
62 silly audit   '@aws-sdk/types': [ '3.201.0' ],
62 silly audit   '@aws-sdk/url-parser': [ '3.201.0' ],
62 silly audit   '@aws-sdk/util-base64': [ '3.202.0' ],
62 silly audit   '@aws-sdk/util-base64-browser': [ '3.188.0' ],
62 silly audit   '@aws-sdk/util-base64-node': [ '3.201.0' ],
62 silly audit   '@aws-sdk/util-body-length-browser': [ '3.188.0' ],
62 silly audit   '@aws-sdk/util-body-length-node': [ '3.201.0' ],
62 silly audit   '@aws-sdk/util-buffer-from': [ '3.201.0' ],
62 silly audit   '@aws-sdk/util-config-provider': [ '3.201.0' ],
62 silly audit   '@aws-sdk/util-defaults-mode-browser': [ '3.201.0' ],
62 silly audit   '@aws-sdk/util-defaults-mode-node': [ '3.201.0' ],
62 silly audit   '@aws-sdk/util-endpoints': [ '3.202.0' ],
62 silly audit   '@aws-sdk/util-hex-encoding': [ '3.201.0' ],
62 silly audit   '@aws-sdk/util-locate-window': [ '3.201.0' ],
62 silly audit   '@aws-sdk/util-middleware': [ '3.201.0' ],
62 silly audit   '@aws-sdk/util-uri-escape': [ '3.201.0' ],
62 silly audit   '@aws-sdk/util-user-agent-browser': [ '3.201.0' ],
62 silly audit   '@aws-sdk/util-user-agent-node': [ '3.201.0' ],
62 silly audit   '@aws-sdk/util-utf8-browser': [ '3.188.0' ],
62 silly audit   '@aws-sdk/util-utf8-node': [ '3.201.0' ],
62 silly audit   '@types/node': [ '18.11.9' ],
62 silly audit   '@types/webidl-conversions': [ '7.0.0' ],
62 silly audit   '@types/whatwg-url': [ '8.2.2' ],
62 silly audit   accepts: [ '1.3.8' ],
62 silly audit   'array-flatten': [ '1.1.1' ],
62 silly audit   'base64-js': [ '1.5.1' ],
62 silly audit   'body-parser': [ '1.20.1' ],
62 silly audit   bowser: [ '2.11.0' ],
62 silly audit   bson: [ '4.7.0' ],
62 silly audit   buffer: [ '5.7.1' ],
62 silly audit   bytes: [ '3.1.2' ],
62 silly audit   'call-bind': [ '1.0.2' ],
62 silly audit   'content-disposition': [ '0.5.4' ],
62 silly audit   'content-type': [ '1.0.4' ],
62 silly audit   cookie: [ '0.5.0' ],
62 silly audit   'cookie-signature': [ '1.0.6' ],
62 silly audit   cors: [ '2.8.5' ],
62 silly audit   debug: [ '2.6.9', '4.3.4' ],
62 silly audit   denque: [ '2.1.0' ],
62 silly audit   depd: [ '2.0.0' ],
62 silly audit   destroy: [ '1.2.0' ],
62 silly audit   dotenv: [ '16.0.3' ],
62 silly audit   'ee-first': [ '1.1.1' ],
62 silly audit   encodeurl: [ '1.0.2' ],
62 silly audit   'escape-html': [ '1.0.3' ],
62 silly audit   etag: [ '1.8.1' ],
62 silly audit   express: [ '4.18.2' ],
62 silly audit   'fast-xml-parser': [ '4.0.11' ],
62 silly audit   finalhandler: [ '1.2.0' ],
62 silly audit   forwarded: [ '0.2.0' ],
62 silly audit   fresh: [ '0.5.2' ],
62 silly audit   'function-bind': [ '1.1.1' ],
62 silly audit   'get-intrinsic': [ '1.1.3' ],
62 silly audit   has: [ '1.0.3' ],
62 silly audit   'has-symbols': [ '1.0.3' ],
62 silly audit   'http-errors': [ '2.0.0' ],
62 silly audit   'iconv-lite': [ '0.4.24' ],
62 silly audit   ieee754: [ '1.2.1' ],
62 silly audit   inherits: [ '2.0.4' ],
62 silly audit   ip: [ '2.0.0' ],
62 silly audit   'ipaddr.js': [ '1.9.1' ],
62 silly audit   kareem: [ '2.4.1' ],
62 silly audit   'media-typer': [ '0.3.0' ],
62 silly audit   'memory-pager': [ '1.5.0' ],
62 silly audit   'merge-descriptors': [ '1.0.1' ],
62 silly audit   methods: [ '1.1.2' ],
62 silly audit   mime: [ '1.6.0' ],
62 silly audit   'mime-db': [ '1.52.0' ],
62 silly audit   'mime-types': [ '2.1.35' ],
62 silly audit   mongodb: [ '4.11.0' ],
62 silly audit   'mongodb-connection-string-url': [ '2.5.4' ],
62 silly audit   mongoose: [ '6.7.1' ],
62 silly audit   ms: [ '2.1.3', '2.1.2', '2.0.0' ],
62 silly audit   mongose: [ '0.0.2-security' ],
62 silly audit   mpath: [ '0.9.0' ],
62 silly audit   mquery: [ '4.0.3' ],
62 silly audit   negotiator: [ '0.6.3' ],
62 silly audit   'object-assign': [ '4.1.1' ],
62 silly audit   'object-inspect': [ '1.12.2' ],
62 silly audit   'on-finished': [ '2.4.1' ],
62 silly audit   parseurl: [ '1.3.3' ],
62 silly audit   'path-to-regexp': [ '0.1.7' ],
62 silly audit   'proxy-addr': [ '2.0.7' ],
62 silly audit   punycode: [ '2.1.1' ],
62 silly audit   qs: [ '6.11.0' ],
62 silly audit   'range-parser': [ '1.2.1' ],
62 silly audit   'raw-body': [ '2.5.1' ],
62 silly audit   'safe-buffer': [ '5.2.1' ],
62 silly audit   'safer-buffer': [ '2.1.2' ],
62 silly audit   saslprep: [ '1.0.3' ],
62 silly audit   send: [ '0.18.0' ],
62 silly audit   'serve-static': [ '1.15.0' ],
62 silly audit   setprototypeof: [ '1.2.0' ],
62 silly audit   'side-channel': [ '1.0.4' ],
62 silly audit   sift: [ '16.0.1' ],
62 silly audit   'smart-buffer': [ '4.2.0' ],
62 silly audit   socks: [ '2.7.1' ],
62 silly audit   'sparse-bitfield': [ '3.0.3' ],
62 silly audit   statuses: [ '2.0.1' ],
62 silly audit   strnum: [ '1.0.5' ],
62 silly audit   toidentifier: [ '1.0.1' ],
62 silly audit   tr46: [ '3.0.0' ],
62 silly audit   'type-is': [ '1.6.18' ],
62 silly audit   unpipe: [ '1.0.0' ],
62 silly audit   'utils-merge': [ '1.0.1' ],
62 silly audit   uuid: [ '8.3.2' ],
62 silly audit   vary: [ '1.1.2' ],
62 silly audit   'webidl-conversions': [ '7.0.0' ],
62 silly audit   'whatwg-url': [ '11.0.0' ],
62 silly audit   'express-validator': [ '6.14.2' ],
62 silly audit   lodash: [ '4.17.21' ],
62 silly audit   validator: [ '13.7.0' ]
62 silly audit }
63 silly tarball no local data for validator@https://registry.npmjs.org/validator/-/validator-13.7.0.tgz. Extracting by manifest.
64 silly tarball no local data for lodash@https://registry.npmjs.org/lodash/-/lodash-4.17.21.tgz. Extracting by manifest.
65 silly tarball no local data for express-validator@https://registry.npmjs.org/express-validator/-/express-validator-6.14.2.tgz. Extracting by manifest.
66 http fetch POST 200 https://registry.npmjs.org/-/npm/v1/security/advisories/bulk 189ms
67 timing auditReport:getReport Completed in 201ms
68 silly audit report {}
69 timing auditReport:init Completed in 0ms
70 timing reify:audit Completed in 203ms
71 http fetch GET 200 https://registry.npmjs.org/express-validator/-/express-validator-6.14.2.tgz 484ms (cache miss)
72 timing reifyNode:node_modules/express-validator Completed in 512ms
73 http fetch GET 200 https://registry.npmjs.org/validator/-/validator-13.7.0.tgz 914ms (cache miss)
74 timing reifyNode:node_modules/validator Completed in 934ms
75 http fetch GET 200 https://registry.npmjs.org/lodash/-/lodash-4.17.21.tgz 6020ms (cache miss)
76 timing reifyNode:node_modules/lodash Completed in 6047ms
77 timing reify:unpack Completed in 6049ms
78 timing reify:unretire Completed in 1ms
79 timing build:queue Completed in 2ms
80 timing build:deps Completed in 3ms
81 timing build Completed in 4ms
82 timing reify:build Completed in 5ms
83 timing reify:trash Completed in 0ms
84 timing reify:save Completed in 355ms
85 timing reify Completed in 8267ms
86 silly ADD node_modules/validator
87 silly ADD node_modules/lodash
88 silly ADD node_modules/express-validator
89 timing command:i Completed in 8290ms
90 verbose exit 0
91 timing npm Completed in 8665ms
92 info ok
