0 verbose cli C:\Program Files\nodejs\node.exe C:\Users\Humberto Manjarres\AppData\Roaming\npm\node_modules\npm\bin\npm-cli.js
1 info using npm@8.12.2
2 info using node@v16.14.0
3 timing npm:load:whichnode Completed in 1ms
4 timing config:load:defaults Completed in 6ms
5 timing config:load:file:C:\Users\Humberto Manjarres\AppData\Roaming\npm\node_modules\npm\npmrc Completed in 5ms
6 timing config:load:builtin Completed in 6ms
7 timing config:load:cli Completed in 3ms
8 timing config:load:env Completed in 1ms
9 timing config:load:file:C:\Users\Humberto Manjarres\Desktop\CURSOS\ANGULAR\Angular Fernando Herrera\Angular-adv\04-backend-server\.npmrc Completed in 1ms
10 timing config:load:project Completed in 10ms
11 timing config:load:file:C:\Users\Humberto Manjarres\.npmrc Completed in 1ms
12 timing config:load:user Completed in 1ms
13 timing config:load:file:C:\Users\Humberto Manjarres\AppData\Roaming\npm\etc\npmrc Completed in 2ms
14 timing config:load:global Completed in 2ms
15 timing config:load:validate Completed in 1ms
16 timing config:load:credentials Completed in 4ms
17 timing config:load:setEnvs Completed in 2ms
18 timing config:load Completed in 41ms
19 timing npm:load:configload Completed in 42ms
20 timing npm:load:mkdirpcache Completed in 2ms
21 timing npm:load:mkdirplogs Completed in 1ms
22 verbose title npm i cors
23 verbose argv "i" "cors"
24 timing npm:load:setTitle Completed in 4ms
25 timing config:load:flatten Completed in 7ms
26 timing npm:load:display Completed in 10ms
27 verbose logfile logs-max:10 dir:C:\Users\Humberto Manjarres\Desktop\CURSOS\ANGULAR\Angular Fernando Herrera\Angular-adv\04-backend-server\tmpnodejsnpm-cache\_logs
28 verbose logfile C:\Users\Humberto Manjarres\Desktop\CURSOS\ANGULAR\Angular Fernando Herrera\Angular-adv\04-backend-server\tmpnodejsnpm-cache\_logs\2022-11-07T20_55_21_819Z-debug-0.log
29 timing npm:load:logFile Completed in 34ms
30 timing npm:load:timers Completed in 0ms
31 timing npm:load:configScope Completed in 0ms
32 timing npm:load Completed in 95ms
33 timing arborist:ctor Completed in 2ms
34 silly logfile start cleaning logs, removing 2 files
35 silly logfile done cleaning log files
36 timing idealTree:init Completed in 327ms
37 timing idealTree:userRequests Completed in 4ms
38 silly idealTree buildDeps
39 silly fetch manifest cors@*
40 timing arborist:ctor Completed in 0ms
41 http fetch GET 200 https://registry.npmjs.org/cors 861ms (cache miss)
42 silly placeDep ROOT cors@2.8.5 OK for: 04-backend-server@1.0.0 want: *
43 silly fetch manifest object-assign@^4
44 http fetch GET 200 https://registry.npmjs.org/object-assign 235ms (cache miss)
45 timing idealTree:#root Completed in 1123ms
46 silly placeDep ROOT object-assign@4.1.1 OK for: cors@2.8.5 want: ^4
47 timing idealTree:node_modules/cors Completed in 3ms
48 timing idealTree:node_modules/object-assign Completed in 0ms
49 timing idealTree:buildDeps Completed in 1128ms
50 timing idealTree:fixDepFlags Completed in 6ms
51 timing idealTree Completed in 1474ms
52 timing reify:loadTrees Completed in 1477ms
53 timing reify:diffTrees Completed in 16ms
54 silly reify moves {}
55 timing reify:retireShallow Completed in 3ms
56 timing reify:createSparse Completed in 9ms
57 timing reify:loadBundles Completed in 0ms
58 silly audit bulk request {
58 silly audit   '@aws-crypto/ie11-detection': [ '2.0.2' ],
58 silly audit   tslib: [ '1.14.1', '2.4.1' ],
58 silly audit   '@aws-crypto/sha256-browser': [ '2.0.0' ],
58 silly audit   '@aws-crypto/sha256-js': [ '2.0.0' ],
58 silly audit   '@aws-crypto/supports-web-crypto': [ '2.0.2' ],
58 silly audit   '@aws-crypto/util': [ '2.0.2' ],
58 silly audit   '@aws-sdk/abort-controller': [ '3.201.0' ],
58 silly audit   '@aws-sdk/client-cognito-identity': [ '3.204.0' ],
58 silly audit   '@aws-sdk/client-sso': [ '3.204.0' ],
58 silly audit   '@aws-sdk/client-sts': [ '3.204.0' ],
58 silly audit   '@aws-sdk/config-resolver': [ '3.201.0' ],
58 silly audit   '@aws-sdk/credential-provider-cognito-identity': [ '3.204.0' ],
58 silly audit   '@aws-sdk/credential-provider-env': [ '3.201.0' ],
58 silly audit   '@aws-sdk/credential-provider-imds': [ '3.201.0' ],
58 silly audit   '@aws-sdk/credential-provider-ini': [ '3.204.0' ],
58 silly audit   '@aws-sdk/credential-provider-node': [ '3.204.0' ],
58 silly audit   '@aws-sdk/credential-provider-process': [ '3.201.0' ],
58 silly audit   '@aws-sdk/credential-provider-sso': [ '3.204.0' ],
58 silly audit   '@aws-sdk/credential-provider-web-identity': [ '3.201.0' ],
58 silly audit   '@aws-sdk/credential-providers': [ '3.204.0' ],
58 silly audit   '@aws-sdk/fetch-http-handler': [ '3.204.0' ],
58 silly audit   '@aws-sdk/hash-node': [ '3.201.0' ],
58 silly audit   '@aws-sdk/invalid-dependency': [ '3.201.0' ],
58 silly audit   '@aws-sdk/is-array-buffer': [ '3.201.0' ],
58 silly audit   '@aws-sdk/middleware-content-length': [ '3.201.0' ],
58 silly audit   '@aws-sdk/middleware-endpoint': [ '3.201.0' ],
58 silly audit   '@aws-sdk/middleware-host-header': [ '3.201.0' ],
58 silly audit   '@aws-sdk/middleware-logger': [ '3.201.0' ],
58 silly audit   '@aws-sdk/middleware-recursion-detection': [ '3.201.0' ],
58 silly audit   '@aws-sdk/middleware-retry': [ '3.201.0' ],
58 silly audit   '@aws-sdk/middleware-sdk-sts': [ '3.201.0' ],
58 silly audit   '@aws-sdk/middleware-serde': [ '3.201.0' ],
58 silly audit   '@aws-sdk/middleware-signing': [ '3.201.0' ],
58 silly audit   '@aws-sdk/middleware-stack': [ '3.201.0' ],
58 silly audit   '@aws-sdk/middleware-user-agent': [ '3.201.0' ],
58 silly audit   '@aws-sdk/node-config-provider': [ '3.201.0' ],
58 silly audit   '@aws-sdk/node-http-handler': [ '3.201.0' ],
58 silly audit   '@aws-sdk/property-provider': [ '3.201.0' ],
58 silly audit   '@aws-sdk/protocol-http': [ '3.201.0' ],
58 silly audit   '@aws-sdk/querystring-builder': [ '3.201.0' ],
58 silly audit   '@aws-sdk/querystring-parser': [ '3.201.0' ],
58 silly audit   '@aws-sdk/service-error-classification': [ '3.201.0' ],
58 silly audit   '@aws-sdk/shared-ini-file-loader': [ '3.201.0' ],
58 silly audit   '@aws-sdk/signature-v4': [ '3.201.0' ],
58 silly audit   '@aws-sdk/smithy-client': [ '3.201.0' ],
58 silly audit   '@aws-sdk/types': [ '3.201.0' ],
58 silly audit   '@aws-sdk/url-parser': [ '3.201.0' ],
58 silly audit   '@aws-sdk/util-base64': [ '3.202.0' ],
58 silly audit   '@aws-sdk/util-base64-browser': [ '3.188.0' ],
58 silly audit   '@aws-sdk/util-base64-node': [ '3.201.0' ],
58 silly audit   '@aws-sdk/util-body-length-browser': [ '3.188.0' ],
58 silly audit   '@aws-sdk/util-body-length-node': [ '3.201.0' ],
58 silly audit   '@aws-sdk/util-buffer-from': [ '3.201.0' ],
58 silly audit   '@aws-sdk/util-config-provider': [ '3.201.0' ],
58 silly audit   '@aws-sdk/util-defaults-mode-browser': [ '3.201.0' ],
58 silly audit   '@aws-sdk/util-defaults-mode-node': [ '3.201.0' ],
58 silly audit   '@aws-sdk/util-endpoints': [ '3.202.0' ],
58 silly audit   '@aws-sdk/util-hex-encoding': [ '3.201.0' ],
58 silly audit   '@aws-sdk/util-locate-window': [ '3.201.0' ],
58 silly audit   '@aws-sdk/util-middleware': [ '3.201.0' ],
58 silly audit   '@aws-sdk/util-uri-escape': [ '3.201.0' ],
58 silly audit   '@aws-sdk/util-user-agent-browser': [ '3.201.0' ],
58 silly audit   '@aws-sdk/util-user-agent-node': [ '3.201.0' ],
58 silly audit   '@aws-sdk/util-utf8-browser': [ '3.188.0' ],
58 silly audit   '@aws-sdk/util-utf8-node': [ '3.201.0' ],
58 silly audit   '@types/node': [ '18.11.9' ],
58 silly audit   '@types/webidl-conversions': [ '7.0.0' ],
58 silly audit   '@types/whatwg-url': [ '8.2.2' ],
58 silly audit   accepts: [ '1.3.8' ],
58 silly audit   'array-flatten': [ '1.1.1' ],
58 silly audit   'base64-js': [ '1.5.1' ],
58 silly audit   'body-parser': [ '1.20.1' ],
58 silly audit   bowser: [ '2.11.0' ],
58 silly audit   bson: [ '4.7.0' ],
58 silly audit   buffer: [ '5.7.1' ],
58 silly audit   bytes: [ '3.1.2' ],
58 silly audit   'call-bind': [ '1.0.2' ],
58 silly audit   'content-disposition': [ '0.5.4' ],
58 silly audit   'content-type': [ '1.0.4' ],
58 silly audit   cookie: [ '0.5.0' ],
58 silly audit   'cookie-signature': [ '1.0.6' ],
58 silly audit   debug: [ '2.6.9', '4.3.4' ],
58 silly audit   denque: [ '2.1.0' ],
58 silly audit   depd: [ '2.0.0' ],
58 silly audit   destroy: [ '1.2.0' ],
58 silly audit   dotenv: [ '16.0.3' ],
58 silly audit   'ee-first': [ '1.1.1' ],
58 silly audit   encodeurl: [ '1.0.2' ],
58 silly audit   'escape-html': [ '1.0.3' ],
58 silly audit   etag: [ '1.8.1' ],
58 silly audit   express: [ '4.18.2' ],
58 silly audit   'fast-xml-parser': [ '4.0.11' ],
58 silly audit   finalhandler: [ '1.2.0' ],
58 silly audit   forwarded: [ '0.2.0' ],
58 silly audit   fresh: [ '0.5.2' ],
58 silly audit   'function-bind': [ '1.1.1' ],
58 silly audit   'get-intrinsic': [ '1.1.3' ],
58 silly audit   has: [ '1.0.3' ],
58 silly audit   'has-symbols': [ '1.0.3' ],
58 silly audit   'http-errors': [ '2.0.0' ],
58 silly audit   'iconv-lite': [ '0.4.24' ],
58 silly audit   ieee754: [ '1.2.1' ],
58 silly audit   inherits: [ '2.0.4' ],
58 silly audit   ip: [ '2.0.0' ],
58 silly audit   'ipaddr.js': [ '1.9.1' ],
58 silly audit   kareem: [ '2.4.1' ],
58 silly audit   'media-typer': [ '0.3.0' ],
58 silly audit   'memory-pager': [ '1.5.0' ],
58 silly audit   'merge-descriptors': [ '1.0.1' ],
58 silly audit   methods: [ '1.1.2' ],
58 silly audit   mime: [ '1.6.0' ],
58 silly audit   'mime-db': [ '1.52.0' ],
58 silly audit   'mime-types': [ '2.1.35' ],
58 silly audit   mongodb: [ '4.11.0' ],
58 silly audit   'mongodb-connection-string-url': [ '2.5.4' ],
58 silly audit   mongoose: [ '6.7.1' ],
58 silly audit   ms: [ '2.1.3', '2.1.2', '2.0.0' ],
58 silly audit   mongose: [ '0.0.2-security' ],
58 silly audit   mpath: [ '0.9.0' ],
58 silly audit   mquery: [ '4.0.3' ],
58 silly audit   negotiator: [ '0.6.3' ],
58 silly audit   'object-inspect': [ '1.12.2' ],
58 silly audit   'on-finished': [ '2.4.1' ],
58 silly audit   parseurl: [ '1.3.3' ],
58 silly audit   'path-to-regexp': [ '0.1.7' ],
58 silly audit   'proxy-addr': [ '2.0.7' ],
58 silly audit   punycode: [ '2.1.1' ],
58 silly audit   qs: [ '6.11.0' ],
58 silly audit   'range-parser': [ '1.2.1' ],
58 silly audit   'raw-body': [ '2.5.1' ],
58 silly audit   'safe-buffer': [ '5.2.1' ],
58 silly audit   'safer-buffer': [ '2.1.2' ],
58 silly audit   saslprep: [ '1.0.3' ],
58 silly audit   send: [ '0.18.0' ],
58 silly audit   'serve-static': [ '1.15.0' ],
58 silly audit   setprototypeof: [ '1.2.0' ],
58 silly audit   'side-channel': [ '1.0.4' ],
58 silly audit   sift: [ '16.0.1' ],
58 silly audit   'smart-buffer': [ '4.2.0' ],
58 silly audit   socks: [ '2.7.1' ],
58 silly audit   'sparse-bitfield': [ '3.0.3' ],
58 silly audit   statuses: [ '2.0.1' ],
58 silly audit   strnum: [ '1.0.5' ],
58 silly audit   toidentifier: [ '1.0.1' ],
58 silly audit   tr46: [ '3.0.0' ],
58 silly audit   'type-is': [ '1.6.18' ],
58 silly audit   unpipe: [ '1.0.0' ],
58 silly audit   'utils-merge': [ '1.0.1' ],
58 silly audit   uuid: [ '8.3.2' ],
58 silly audit   vary: [ '1.1.2' ],
58 silly audit   'webidl-conversions': [ '7.0.0' ],
58 silly audit   'whatwg-url': [ '11.0.0' ],
58 silly audit   cors: [ '2.8.5' ],
58 silly audit   'object-assign': [ '4.1.1' ]
58 silly audit }
59 silly tarball no local data for object-assign@https://registry.npmjs.org/object-assign/-/object-assign-4.1.1.tgz. Extracting by manifest.
60 silly tarball no local data for cors@https://registry.npmjs.org/cors/-/cors-2.8.5.tgz. Extracting by manifest.
61 http fetch POST 200 https://registry.npmjs.org/-/npm/v1/security/advisories/bulk 263ms
62 timing auditReport:getReport Completed in 279ms
63 silly audit report {}
64 timing auditReport:init Completed in 0ms
65 timing reify:audit Completed in 282ms
66 http fetch GET 200 https://registry.npmjs.org/object-assign/-/object-assign-4.1.1.tgz 335ms (cache miss)
67 timing reifyNode:node_modules/object-assign Completed in 380ms
68 http fetch GET 200 https://registry.npmjs.org/cors/-/cors-2.8.5.tgz 344ms (cache miss)
69 timing reifyNode:node_modules/cors Completed in 384ms
70 timing reify:unpack Completed in 385ms
71 timing reify:unretire Completed in 1ms
72 timing build:queue Completed in 2ms
73 timing build:deps Completed in 3ms
74 timing build Completed in 4ms
75 timing reify:build Completed in 7ms
76 timing reify:trash Completed in 0ms
77 timing reify:save Completed in 142ms
78 timing reify Completed in 2224ms
79 silly ADD node_modules/object-assign
80 silly ADD node_modules/cors
81 timing command:i Completed in 2249ms
82 verbose exit 0
83 timing npm Completed in 2583ms
84 info ok
