0 verbose cli C:\Program Files\nodejs\node.exe C:\Users\Humberto Manjarres\AppData\Roaming\npm\node_modules\npm\bin\npm-cli.js
1 info using npm@8.12.2
2 info using node@v16.14.0
3 timing npm:load:whichnode Completed in 1ms
4 timing config:load:defaults Completed in 5ms
5 timing config:load:file:C:\Users\Humberto Manjarres\AppData\Roaming\npm\node_modules\npm\npmrc Completed in 7ms
6 timing config:load:builtin Completed in 7ms
7 timing config:load:cli Completed in 3ms
8 timing config:load:env Completed in 2ms
9 timing config:load:file:C:\Users\Humberto Manjarres\Desktop\CURSOS\ANGULAR\Angular Fernando Herrera\Angular-adv\04-backend-server\.npmrc Completed in 1ms
10 timing config:load:project Completed in 9ms
11 timing config:load:file:C:\Users\Humberto Manjarres\.npmrc Completed in 0ms
12 timing config:load:user Completed in 1ms
13 timing config:load:file:C:\Users\Humberto Manjarres\AppData\Roaming\npm\etc\npmrc Completed in 2ms
14 timing config:load:global Completed in 2ms
15 timing config:load:validate Completed in 1ms
16 timing config:load:credentials Completed in 2ms
17 timing config:load:setEnvs Completed in 2ms
18 timing config:load Completed in 35ms
19 timing npm:load:configload Completed in 35ms
20 timing npm:load:mkdirpcache Completed in 3ms
21 timing npm:load:mkdirplogs Completed in 1ms
22 verbose title npm i uuid
23 verbose argv "i" "uuid"
24 timing npm:load:setTitle Completed in 3ms
25 timing config:load:flatten Completed in 8ms
26 timing npm:load:display Completed in 13ms
27 verbose logfile logs-max:10 dir:C:\Users\Humberto Manjarres\Desktop\CURSOS\ANGULAR\Angular Fernando Herrera\Angular-adv\04-backend-server\tmpnodejsnpm-cache\_logs
28 verbose logfile C:\Users\Humberto Manjarres\Desktop\CURSOS\ANGULAR\Angular Fernando Herrera\Angular-adv\04-backend-server\tmpnodejsnpm-cache\_logs\2022-11-19T01_58_22_839Z-debug-0.log
29 timing npm:load:logFile Completed in 22ms
30 timing npm:load:timers Completed in 0ms
31 timing npm:load:configScope Completed in 1ms
32 timing npm:load Completed in 80ms
33 timing arborist:ctor Completed in 1ms
34 silly logfile start cleaning logs, removing 3 files
35 timing idealTree:init Completed in 222ms
36 timing idealTree:userRequests Completed in 3ms
37 silly idealTree buildDeps
38 silly fetch manifest uuid@*
39 silly logfile error removing log file C:/Users/Humberto Manjarres/Desktop/CURSOS/ANGULAR/Angular Fernando Herrera/Angular-adv/04-backend-server/tmpnodejsnpm-cache/_logs/2022-11-17T22_27_45_891Z-debug-0.log [Error: EPERM: operation not permitted, lstat 'C:\Users\Humberto Manjarres\Desktop\CURSOS\ANGULAR\Angular Fernando Herrera\Angular-adv\04-backend-server\tmpnodejsnpm-cache\_logs\2022-11-17T22_27_45_891Z-debug-0.log'] {
39 silly logfile   errno: -4048,
39 silly logfile   code: 'EPERM',
39 silly logfile   syscall: 'lstat',
39 silly logfile   path: 'C:\\Users\\Humberto Manjarres\\Desktop\\CURSOS\\ANGULAR\\Angular Fernando Herrera\\Angular-adv\\04-backend-server\\tmpnodejsnpm-cache\\_logs\\2022-11-17T22_27_45_891Z-debug-0.log'
39 silly logfile }
40 silly logfile done cleaning log files
41 timing arborist:ctor Completed in 0ms
42 http fetch GET 200 https://registry.npmjs.org/uuid 632ms (cache revalidated)
43 silly placeDep ROOT uuid@9.0.0 REPLACE for: 04-backend-server@1.0.0 want: *
44 timing idealTree:#root Completed in 657ms
45 silly fetch manifest uuid@^8.3.2
46 silly placeDep node_modules/@aws-sdk/middleware-retry uuid@8.3.2 OK for: @aws-sdk/middleware-retry@3.201.0 want: ^8.3.2
47 timing idealTree:node_modules/@aws-sdk/middleware-retry Completed in 5ms
48 timing idealTree:node_modules/uuid Completed in 0ms
49 timing idealTree:node_modules/@aws-sdk/middleware-retry/node_modules/uuid Completed in 0ms
50 timing idealTree:buildDeps Completed in 665ms
51 timing idealTree:fixDepFlags Completed in 5ms
52 timing idealTree Completed in 901ms
53 timing reify:loadTrees Completed in 903ms
54 timing reify:diffTrees Completed in 14ms
55 silly reify mark retired [
55 silly reify   'C:\\Users\\Humberto Manjarres\\Desktop\\CURSOS\\ANGULAR\\Angular Fernando Herrera\\Angular-adv\\04-backend-server\\node_modules\\uuid',
55 silly reify   'C:\\Users\\Humberto Manjarres\\Desktop\\CURSOS\\ANGULAR\\Angular Fernando Herrera\\Angular-adv\\04-backend-server\\node_modules\\.bin\\uuid',
55 silly reify   'C:\\Users\\Humberto Manjarres\\Desktop\\CURSOS\\ANGULAR\\Angular Fernando Herrera\\Angular-adv\\04-backend-server\\node_modules\\.bin\\uuid.cmd',
55 silly reify   'C:\\Users\\Humberto Manjarres\\Desktop\\CURSOS\\ANGULAR\\Angular Fernando Herrera\\Angular-adv\\04-backend-server\\node_modules\\.bin\\uuid.ps1'
55 silly reify ]
56 silly reify moves {
56 silly reify   'C:\\Users\\Humberto Manjarres\\Desktop\\CURSOS\\ANGULAR\\Angular Fernando Herrera\\Angular-adv\\04-backend-server\\node_modules\\uuid': 'C:\\Users\\Humberto Manjarres\\Desktop\\CURSOS\\ANGULAR\\Angular Fernando Herrera\\Angular-adv\\04-backend-server\\node_modules\\.uuid-0CEWSwr1',
56 silly reify   'C:\\Users\\Humberto Manjarres\\Desktop\\CURSOS\\ANGULAR\\Angular Fernando Herrera\\Angular-adv\\04-backend-server\\node_modules\\.bin\\uuid': 'C:\\Users\\Humberto Manjarres\\Desktop\\CURSOS\\ANGULAR\\Angular Fernando Herrera\\Angular-adv\\04-backend-server\\node_modules\\.bin\\.uuid-hsSR5yD9',
56 silly reify   'C:\\Users\\Humberto Manjarres\\Desktop\\CURSOS\\ANGULAR\\Angular Fernando Herrera\\Angular-adv\\04-backend-server\\node_modules\\.bin\\uuid.cmd': 'C:\\Users\\Humberto Manjarres\\Desktop\\CURSOS\\ANGULAR\\Angular Fernando Herrera\\Angular-adv\\04-backend-server\\node_modules\\.bin\\.uuid.cmd-TB4z1Pcb',
56 silly reify   'C:\\Users\\Humberto Manjarres\\Desktop\\CURSOS\\ANGULAR\\Angular Fernando Herrera\\Angular-adv\\04-backend-server\\node_modules\\.bin\\uuid.ps1': 'C:\\Users\\Humberto Manjarres\\Desktop\\CURSOS\\ANGULAR\\Angular Fernando Herrera\\Angular-adv\\04-backend-server\\node_modules\\.bin\\.uuid.ps1-tWcVKI0R'
56 silly reify }
57 timing reify:retireShallow Completed in 16ms
58 timing reify:createSparse Completed in 7ms
59 timing reify:loadBundles Completed in 0ms
60 silly audit bulk request {
60 silly audit   '@aws-crypto/ie11-detection': [ '2.0.2' ],
60 silly audit   tslib: [ '1.14.1', '2.4.1' ],
60 silly audit   '@aws-crypto/sha256-browser': [ '2.0.0' ],
60 silly audit   '@aws-crypto/sha256-js': [ '2.0.0' ],
60 silly audit   '@aws-crypto/supports-web-crypto': [ '2.0.2' ],
60 silly audit   '@aws-crypto/util': [ '2.0.2' ],
60 silly audit   '@aws-sdk/abort-controller': [ '3.201.0' ],
60 silly audit   '@aws-sdk/client-cognito-identity': [ '3.204.0' ],
60 silly audit   '@aws-sdk/client-sso': [ '3.204.0' ],
60 silly audit   '@aws-sdk/client-sts': [ '3.204.0' ],
60 silly audit   '@aws-sdk/config-resolver': [ '3.201.0' ],
60 silly audit   '@aws-sdk/credential-provider-cognito-identity': [ '3.204.0' ],
60 silly audit   '@aws-sdk/credential-provider-env': [ '3.201.0' ],
60 silly audit   '@aws-sdk/credential-provider-imds': [ '3.201.0' ],
60 silly audit   '@aws-sdk/credential-provider-ini': [ '3.204.0' ],
60 silly audit   '@aws-sdk/credential-provider-node': [ '3.204.0' ],
60 silly audit   '@aws-sdk/credential-provider-process': [ '3.201.0' ],
60 silly audit   '@aws-sdk/credential-provider-sso': [ '3.204.0' ],
60 silly audit   '@aws-sdk/credential-provider-web-identity': [ '3.201.0' ],
60 silly audit   '@aws-sdk/credential-providers': [ '3.204.0' ],
60 silly audit   '@aws-sdk/fetch-http-handler': [ '3.204.0' ],
60 silly audit   '@aws-sdk/hash-node': [ '3.201.0' ],
60 silly audit   '@aws-sdk/invalid-dependency': [ '3.201.0' ],
60 silly audit   '@aws-sdk/is-array-buffer': [ '3.201.0' ],
60 silly audit   '@aws-sdk/middleware-content-length': [ '3.201.0' ],
60 silly audit   '@aws-sdk/middleware-endpoint': [ '3.201.0' ],
60 silly audit   '@aws-sdk/middleware-host-header': [ '3.201.0' ],
60 silly audit   '@aws-sdk/middleware-logger': [ '3.201.0' ],
60 silly audit   '@aws-sdk/middleware-recursion-detection': [ '3.201.0' ],
60 silly audit   '@aws-sdk/middleware-retry': [ '3.201.0' ],
60 silly audit   '@aws-sdk/middleware-sdk-sts': [ '3.201.0' ],
60 silly audit   '@aws-sdk/middleware-serde': [ '3.201.0' ],
60 silly audit   '@aws-sdk/middleware-signing': [ '3.201.0' ],
60 silly audit   '@aws-sdk/middleware-stack': [ '3.201.0' ],
60 silly audit   '@aws-sdk/middleware-user-agent': [ '3.201.0' ],
60 silly audit   '@aws-sdk/node-config-provider': [ '3.201.0' ],
60 silly audit   '@aws-sdk/node-http-handler': [ '3.201.0' ],
60 silly audit   '@aws-sdk/property-provider': [ '3.201.0' ],
60 silly audit   '@aws-sdk/protocol-http': [ '3.201.0' ],
60 silly audit   '@aws-sdk/querystring-builder': [ '3.201.0' ],
60 silly audit   '@aws-sdk/querystring-parser': [ '3.201.0' ],
60 silly audit   '@aws-sdk/service-error-classification': [ '3.201.0' ],
60 silly audit   '@aws-sdk/shared-ini-file-loader': [ '3.201.0' ],
60 silly audit   '@aws-sdk/signature-v4': [ '3.201.0' ],
60 silly audit   '@aws-sdk/smithy-client': [ '3.201.0' ],
60 silly audit   '@aws-sdk/types': [ '3.201.0' ],
60 silly audit   '@aws-sdk/url-parser': [ '3.201.0' ],
60 silly audit   '@aws-sdk/util-base64': [ '3.202.0' ],
60 silly audit   '@aws-sdk/util-base64-browser': [ '3.188.0' ],
60 silly audit   '@aws-sdk/util-base64-node': [ '3.201.0' ],
60 silly audit   '@aws-sdk/util-body-length-browser': [ '3.188.0' ],
60 silly audit   '@aws-sdk/util-body-length-node': [ '3.201.0' ],
60 silly audit   '@aws-sdk/util-buffer-from': [ '3.201.0' ],
60 silly audit   '@aws-sdk/util-config-provider': [ '3.201.0' ],
60 silly audit   '@aws-sdk/util-defaults-mode-browser': [ '3.201.0' ],
60 silly audit   '@aws-sdk/util-defaults-mode-node': [ '3.201.0' ],
60 silly audit   '@aws-sdk/util-endpoints': [ '3.202.0' ],
60 silly audit   '@aws-sdk/util-hex-encoding': [ '3.201.0' ],
60 silly audit   '@aws-sdk/util-locate-window': [ '3.201.0' ],
60 silly audit   '@aws-sdk/util-middleware': [ '3.201.0' ],
60 silly audit   '@aws-sdk/util-uri-escape': [ '3.201.0' ],
60 silly audit   '@aws-sdk/util-user-agent-browser': [ '3.201.0' ],
60 silly audit   '@aws-sdk/util-user-agent-node': [ '3.201.0' ],
60 silly audit   '@aws-sdk/util-utf8-browser': [ '3.188.0' ],
60 silly audit   '@aws-sdk/util-utf8-node': [ '3.201.0' ],
60 silly audit   '@types/node': [ '18.11.9' ],
60 silly audit   '@types/webidl-conversions': [ '7.0.0' ],
60 silly audit   '@types/whatwg-url': [ '8.2.2' ],
60 silly audit   accepts: [ '1.3.8' ],
60 silly audit   'array-flatten': [ '1.1.1' ],
60 silly audit   'base64-js': [ '1.5.1' ],
60 silly audit   bcryptjs: [ '2.4.3' ],
60 silly audit   'body-parser': [ '1.20.1' ],
60 silly audit   bowser: [ '2.11.0' ],
60 silly audit   bson: [ '4.7.0' ],
60 silly audit   buffer: [ '5.7.1' ],
60 silly audit   'buffer-equal-constant-time': [ '1.0.1' ],
60 silly audit   busboy: [ '1.6.0' ],
60 silly audit   bytes: [ '3.1.2' ],
60 silly audit   'call-bind': [ '1.0.2' ],
60 silly audit   'content-disposition': [ '0.5.4' ],
60 silly audit   'content-type': [ '1.0.4' ],
60 silly audit   cookie: [ '0.5.0' ],
60 silly audit   'cookie-signature': [ '1.0.6' ],
60 silly audit   cors: [ '2.8.5' ],
60 silly audit   debug: [ '2.6.9', '4.3.4' ],
60 silly audit   denque: [ '2.1.0' ],
60 silly audit   depd: [ '2.0.0' ],
60 silly audit   destroy: [ '1.2.0' ],
60 silly audit   dotenv: [ '16.0.3' ],
60 silly audit   'ecdsa-sig-formatter': [ '1.0.11' ],
60 silly audit   'ee-first': [ '1.1.1' ],
60 silly audit   encodeurl: [ '1.0.2' ],
60 silly audit   'escape-html': [ '1.0.3' ],
60 silly audit   etag: [ '1.8.1' ],
60 silly audit   express: [ '4.18.2' ],
60 silly audit   'express-fileupload': [ '1.4.0' ],
60 silly audit   'express-validator': [ '6.14.2' ],
60 silly audit   'fast-xml-parser': [ '4.0.11' ],
60 silly audit   finalhandler: [ '1.2.0' ],
60 silly audit   forwarded: [ '0.2.0' ],
60 silly audit   fresh: [ '0.5.2' ],
60 silly audit   'function-bind': [ '1.1.1' ],
60 silly audit   'get-intrinsic': [ '1.1.3' ],
60 silly audit   has: [ '1.0.3' ],
60 silly audit   'has-symbols': [ '1.0.3' ],
60 silly audit   'http-errors': [ '2.0.0' ],
60 silly audit   'iconv-lite': [ '0.4.24' ],
60 silly audit   ieee754: [ '1.2.1' ],
60 silly audit   inherits: [ '2.0.4' ],
60 silly audit   ip: [ '2.0.0' ],
60 silly audit   'ipaddr.js': [ '1.9.1' ],
60 silly audit   jsonwebtoken: [ '8.5.1' ],
60 silly audit   ms: [ '2.1.3', '2.1.2', '2.0.0' ],
60 silly audit   jwa: [ '1.4.1' ],
60 silly audit   jws: [ '3.2.2' ],
60 silly audit   kareem: [ '2.4.1' ],
60 silly audit   lodash: [ '4.17.21' ],
60 silly audit   'lodash.includes': [ '4.3.0' ],
60 silly audit   'lodash.isboolean': [ '3.0.3' ],
60 silly audit   'lodash.isinteger': [ '4.0.4' ],
60 silly audit   'lodash.isnumber': [ '3.0.3' ],
60 silly audit   'lodash.isplainobject': [ '4.0.6' ],
60 silly audit   'lodash.isstring': [ '4.0.1' ],
60 silly audit   'lodash.once': [ '4.1.1' ],
60 silly audit   'media-typer': [ '0.3.0' ],
60 silly audit   'memory-pager': [ '1.5.0' ],
60 silly audit   'merge-descriptors': [ '1.0.1' ],
60 silly audit   methods: [ '1.1.2' ],
60 silly audit   mime: [ '1.6.0' ],
60 silly audit   'mime-db': [ '1.52.0' ],
60 silly audit   'mime-types': [ '2.1.35' ],
60 silly audit   mongodb: [ '4.11.0' ],
60 silly audit   'mongodb-connection-string-url': [ '2.5.4' ],
60 silly audit   mongoose: [ '6.7.1' ],
60 silly audit   mongose: [ '0.0.2-security' ],
60 silly audit   mpath: [ '0.9.0' ],
60 silly audit   mquery: [ '4.0.3' ],
60 silly audit   negotiator: [ '0.6.3' ],
60 silly audit   'object-assign': [ '4.1.1' ],
60 silly audit   'object-inspect': [ '1.12.2' ],
60 silly audit   'on-finished': [ '2.4.1' ],
60 silly audit   parseurl: [ '1.3.3' ],
60 silly audit   'path-to-regexp': [ '0.1.7' ],
60 silly audit   'proxy-addr': [ '2.0.7' ],
60 silly audit   punycode: [ '2.1.1' ],
60 silly audit   qs: [ '6.11.0' ],
60 silly audit   'range-parser': [ '1.2.1' ],
60 silly audit   'raw-body': [ '2.5.1' ],
60 silly audit   'safe-buffer': [ '5.2.1' ],
60 silly audit   'safer-buffer': [ '2.1.2' ],
60 silly audit   saslprep: [ '1.0.3' ],
60 silly audit   semver: [ '5.7.1' ],
60 silly audit   send: [ '0.18.0' ],
60 silly audit   'serve-static': [ '1.15.0' ],
60 silly audit   setprototypeof: [ '1.2.0' ],
60 silly audit   'side-channel': [ '1.0.4' ],
60 silly audit   sift: [ '16.0.1' ],
60 silly audit   'smart-buffer': [ '4.2.0' ],
60 silly audit   socks: [ '2.7.1' ],
60 silly audit   'sparse-bitfield': [ '3.0.3' ],
60 silly audit   statuses: [ '2.0.1' ],
60 silly audit   streamsearch: [ '1.1.0' ],
60 silly audit   strnum: [ '1.0.5' ],
60 silly audit   toidentifier: [ '1.0.1' ],
60 silly audit   tr46: [ '3.0.0' ],
60 silly audit   'type-is': [ '1.6.18' ],
60 silly audit   unpipe: [ '1.0.0' ],
60 silly audit   'utils-merge': [ '1.0.1' ],
60 silly audit   validator: [ '13.7.0' ],
60 silly audit   vary: [ '1.1.2' ],
60 silly audit   'webidl-conversions': [ '7.0.0' ],
60 silly audit   'whatwg-url': [ '11.0.0' ],
60 silly audit   uuid: [ '9.0.0', '8.3.2' ]
60 silly audit }
61 silly tarball no local data for uuid@https://registry.npmjs.org/uuid/-/uuid-9.0.0.tgz. Extracting by manifest.
62 http fetch POST 200 https://registry.npmjs.org/-/npm/v1/security/advisories/bulk 202ms
63 timing auditReport:getReport Completed in 214ms
64 silly audit report {}
65 timing auditReport:init Completed in 0ms
66 timing reify:audit Completed in 215ms
67 timing reifyNode:node_modules/@aws-sdk/middleware-retry/node_modules/uuid Completed in 255ms
68 http fetch GET 200 https://registry.npmjs.org/uuid/-/uuid-9.0.0.tgz 408ms (cache miss)
69 timing reifyNode:node_modules/uuid Completed in 429ms
70 timing reify:unpack Completed in 430ms
71 timing reify:unretire Completed in 1ms
72 timing build:queue Completed in 2ms
73 timing build:link:node_modules/uuid Completed in 11ms
74 timing build:link:node_modules/@aws-sdk/middleware-retry/node_modules/uuid Completed in 11ms
75 timing build:link Completed in 12ms
76 timing build:deps Completed in 15ms
77 timing build Completed in 16ms
78 timing reify:build Completed in 18ms
79 timing reify:trash Completed in 30ms
80 timing reify:save Completed in 147ms
81 timing reify Completed in 1686ms
82 silly CHANGE node_modules/uuid
83 silly ADD node_modules/@aws-sdk/middleware-retry/node_modules/uuid
84 timing command:i Completed in 1699ms
85 verbose exit 0
86 timing npm Completed in 2120ms
87 info ok
