0 verbose cli C:\Program Files\nodejs\node.exe C:\Users\Humberto Manjarres\AppData\Roaming\npm\node_modules\npm\bin\npm-cli.js
1 info using npm@8.12.2
2 info using node@v16.14.0
3 timing npm:load:whichnode Completed in 0ms
4 timing config:load:defaults Completed in 2ms
5 timing config:load:file:C:\Users\Humberto Manjarres\AppData\Roaming\npm\node_modules\npm\npmrc Completed in 2ms
6 timing config:load:builtin Completed in 2ms
7 timing config:load:cli Completed in 1ms
8 timing config:load:env Completed in 0ms
9 timing config:load:file:C:\Users\Humberto Manjarres\Desktop\CURSOS\ANGULAR\Angular Fernando Herrera\Angular-adv\04-backend-server\.npmrc Completed in 0ms
10 timing config:load:project Completed in 5ms
11 timing config:load:file:C:\Users\Humberto Manjarres\.npmrc Completed in 1ms
12 timing config:load:user Completed in 1ms
13 timing config:load:file:C:\Users\Humberto Manjarres\AppData\Roaming\npm\etc\npmrc Completed in 1ms
14 timing config:load:global Completed in 1ms
15 timing config:load:validate Completed in 0ms
16 timing config:load:credentials Completed in 1ms
17 timing config:load:setEnvs Completed in 1ms
18 timing config:load Completed in 15ms
19 timing npm:load:configload Completed in 15ms
20 timing npm:load:mkdirpcache Completed in 1ms
21 timing npm:load:mkdirplogs Completed in 0ms
22 verbose title npm i mongoose
23 verbose argv "i" "mongoose"
24 timing npm:load:setTitle Completed in 1ms
25 timing config:load:flatten Completed in 3ms
26 timing npm:load:display Completed in 5ms
27 verbose logfile logs-max:10 dir:C:\Users\Humberto Manjarres\Desktop\CURSOS\ANGULAR\Angular Fernando Herrera\Angular-adv\04-backend-server\tmpnodejsnpm-cache\_logs
28 verbose logfile C:\Users\Humberto Manjarres\Desktop\CURSOS\ANGULAR\Angular Fernando Herrera\Angular-adv\04-backend-server\tmpnodejsnpm-cache\_logs\2022-11-06T18_20_49_811Z-debug-0.log
29 timing npm:load:logFile Completed in 7ms
30 timing npm:load:timers Completed in 0ms
31 timing npm:load:configScope Completed in 0ms
32 timing npm:load Completed in 29ms
33 timing arborist:ctor Completed in 1ms
34 silly logfile start cleaning logs, removing 2 files
35 silly logfile done cleaning log files
36 timing idealTree:init Completed in 64ms
37 timing idealTree:userRequests Completed in 2ms
38 silly idealTree buildDeps
39 silly fetch manifest mongoose@*
40 timing arborist:ctor Completed in 0ms
41 http fetch GET 200 https://registry.npmjs.org/mongoose 1772ms (cache miss)
42 silly placeDep ROOT mongoose@6.7.1 OK for: 04-backend-server@1.0.0 want: *
43 silly fetch manifest bson@^4.7.0
44 silly fetch manifest kareem@2.4.1
45 silly fetch manifest mongodb@4.11.0
46 silly fetch manifest mpath@0.9.0
47 silly fetch manifest mquery@4.0.3
48 silly fetch manifest ms@2.1.3
49 silly fetch manifest sift@16.0.1
50 http fetch GET 200 https://registry.npmjs.org/ms 686ms (cache revalidated)
51 http fetch GET 200 https://registry.npmjs.org/sift 688ms (cache miss)
52 http fetch GET 200 https://registry.npmjs.org/bson 696ms (cache miss)
53 http fetch GET 200 https://registry.npmjs.org/mpath 696ms (cache miss)
54 http fetch GET 200 https://registry.npmjs.org/mquery 782ms (cache miss)
55 http fetch GET 200 https://registry.npmjs.org/kareem 816ms (cache miss)
56 http fetch GET 200 https://registry.npmjs.org/mongodb 1676ms (cache miss)
57 timing idealTree:#root Completed in 3469ms
58 silly placeDep ROOT bson@4.7.0 OK for: mongoose@6.7.1 want: ^4.7.0
59 silly placeDep ROOT kareem@2.4.1 OK for: mongoose@6.7.1 want: 2.4.1
60 silly placeDep ROOT mongodb@4.11.0 OK for: mongoose@6.7.1 want: 4.11.0
61 silly placeDep ROOT mpath@0.9.0 OK for: mongoose@6.7.1 want: 0.9.0
62 silly placeDep ROOT mquery@4.0.3 OK for: mongoose@6.7.1 want: 4.0.3
63 silly placeDep node_modules/mongoose ms@2.1.3 OK for: mongoose@6.7.1 want: 2.1.3
64 silly placeDep ROOT sift@16.0.1 OK for: mongoose@6.7.1 want: 16.0.1
65 silly fetch manifest buffer@^5.6.0
66 silly fetch manifest denque@^2.1.0
67 silly fetch manifest mongodb-connection-string-url@^2.5.4
68 silly fetch manifest socks@^2.7.1
69 silly fetch manifest @aws-sdk/credential-providers@^3.186.0
70 silly fetch manifest saslprep@^1.0.3
71 silly fetch manifest debug@4.x
72 http fetch GET 200 https://registry.npmjs.org/debug 111ms (cache revalidated)
73 http fetch GET 200 https://registry.npmjs.org/denque 146ms (cache miss)
74 http fetch GET 200 https://registry.npmjs.org/socks 239ms (cache miss)
75 http fetch GET 200 https://registry.npmjs.org/mongodb-connection-string-url 339ms (cache miss)
76 http fetch GET 200 https://registry.npmjs.org/@aws-sdk%2fcredential-providers 357ms (cache miss)
77 http fetch GET 200 https://registry.npmjs.org/saslprep 536ms (cache miss)
78 http fetch GET 200 https://registry.npmjs.org/buffer 700ms (cache miss)
79 timing idealTree:node_modules/mongoose Completed in 712ms
80 silly placeDep ROOT buffer@5.7.1 OK for: bson@4.7.0 want: ^5.6.0
81 silly fetch manifest base64-js@^1.3.1
82 silly fetch manifest ieee754@^1.1.13
83 http fetch GET 200 https://registry.npmjs.org/base64-js 598ms (cache miss)
84 http fetch GET 200 https://registry.npmjs.org/ieee754 725ms (cache miss)
85 timing idealTree:node_modules/bson Completed in 729ms
86 silly placeDep ROOT base64-js@1.5.1 OK for: buffer@5.7.1 want: ^1.3.1
87 silly placeDep ROOT ieee754@1.2.1 OK for: buffer@5.7.1 want: ^1.1.13
88 timing idealTree:node_modules/buffer Completed in 2ms
89 timing idealTree:node_modules/base64-js Completed in 0ms
90 timing idealTree:node_modules/ieee754 Completed in 0ms
91 timing idealTree:node_modules/kareem Completed in 0ms
92 silly placeDep ROOT @aws-sdk/credential-providers@3.204.0 OK for: mongodb@4.11.0 want: ^3.186.0
93 silly placeDep ROOT denque@2.1.0 OK for: mongodb@4.11.0 want: ^2.1.0
94 silly placeDep ROOT mongodb-connection-string-url@2.5.4 OK for: mongodb@4.11.0 want: ^2.5.4
95 silly placeDep ROOT saslprep@1.0.3 OK for: mongodb@4.11.0 want: ^1.0.3
96 silly placeDep ROOT socks@2.7.1 OK for: mongodb@4.11.0 want: ^2.7.1
97 silly fetch manifest @aws-sdk/client-cognito-identity@3.204.0
98 silly fetch manifest @aws-sdk/client-sso@3.204.0
99 silly fetch manifest @aws-sdk/client-sts@3.204.0
100 silly fetch manifest @aws-sdk/credential-provider-cognito-identity@3.204.0
101 silly fetch manifest @aws-sdk/credential-provider-env@3.201.0
102 silly fetch manifest @aws-sdk/credential-provider-imds@3.201.0
103 silly fetch manifest @aws-sdk/credential-provider-ini@3.204.0
104 silly fetch manifest @aws-sdk/credential-provider-node@3.204.0
105 silly fetch manifest @aws-sdk/credential-provider-process@3.201.0
106 silly fetch manifest @aws-sdk/credential-provider-sso@3.204.0
107 silly fetch manifest @aws-sdk/credential-provider-web-identity@3.201.0
108 silly fetch manifest @aws-sdk/property-provider@3.201.0
109 silly fetch manifest @aws-sdk/shared-ini-file-loader@3.201.0
110 silly fetch manifest @aws-sdk/types@3.201.0
111 silly fetch manifest tslib@^2.3.1
112 silly fetch manifest @types/whatwg-url@^8.2.1
113 silly fetch manifest whatwg-url@^11.0.0
114 silly fetch manifest sparse-bitfield@^3.0.3
115 silly fetch manifest ip@^2.0.0
116 silly fetch manifest smart-buffer@^4.2.0
117 http fetch GET 200 https://registry.npmjs.org/tslib 626ms (cache miss)
118 http fetch GET 200 https://registry.npmjs.org/@aws-sdk%2fclient-sts 643ms (cache miss)
119 http fetch GET 200 https://registry.npmjs.org/@aws-sdk%2fproperty-provider 663ms (cache miss)
120 http fetch GET 200 https://registry.npmjs.org/@aws-sdk%2fcredential-provider-imds 798ms (cache miss)
121 http fetch GET 200 https://registry.npmjs.org/@types%2fwhatwg-url 805ms (cache miss)
122 http fetch GET 200 https://registry.npmjs.org/sparse-bitfield 805ms (cache miss)
123 http fetch GET 200 https://registry.npmjs.org/@aws-sdk%2fcredential-provider-node 814ms (cache miss)
124 http fetch GET 200 https://registry.npmjs.org/smart-buffer 882ms (cache miss)
125 http fetch GET 200 https://registry.npmjs.org/ip 884ms (cache miss)
126 http fetch GET 200 https://registry.npmjs.org/whatwg-url 902ms (cache miss)
127 http fetch GET 200 https://registry.npmjs.org/@aws-sdk%2fclient-cognito-identity 1094ms (cache miss)
128 http fetch GET 200 https://registry.npmjs.org/@aws-sdk%2fclient-sso 1246ms (cache miss)
129 http fetch GET 200 https://registry.npmjs.org/@aws-sdk%2fcredential-provider-ini 1249ms (cache miss)
130 http fetch GET 200 https://registry.npmjs.org/@aws-sdk%2fcredential-provider-sso 1257ms (cache miss)
131 http fetch GET 200 https://registry.npmjs.org/@aws-sdk%2ftypes 1499ms (cache miss)
132 http fetch GET 200 https://registry.npmjs.org/@aws-sdk%2fshared-ini-file-loader 1527ms (cache miss)
133 http fetch GET 200 https://registry.npmjs.org/@aws-sdk%2fcredential-provider-web-identity 1541ms (cache miss)
134 http fetch GET 200 https://registry.npmjs.org/@aws-sdk%2fcredential-provider-cognito-identity 1574ms (cache miss)
135 http fetch GET 200 https://registry.npmjs.org/@aws-sdk%2fcredential-provider-env 1592ms (cache miss)
136 http fetch GET 200 https://registry.npmjs.org/@aws-sdk%2fcredential-provider-process 1806ms (cache miss)
137 timing idealTree:node_modules/mongodb Completed in 1818ms
138 silly placeDep ROOT @aws-sdk/client-cognito-identity@3.204.0 OK for: @aws-sdk/credential-providers@3.204.0 want: 3.204.0
139 silly placeDep ROOT @aws-sdk/client-sso@3.204.0 OK for: @aws-sdk/credential-providers@3.204.0 want: 3.204.0
140 silly placeDep ROOT @aws-sdk/client-sts@3.204.0 OK for: @aws-sdk/credential-providers@3.204.0 want: 3.204.0
141 silly placeDep ROOT @aws-sdk/credential-provider-cognito-identity@3.204.0 OK for: @aws-sdk/credential-providers@3.204.0 want: 3.204.0
142 silly placeDep ROOT @aws-sdk/credential-provider-env@3.201.0 OK for: @aws-sdk/credential-providers@3.204.0 want: 3.201.0
143 silly placeDep ROOT @aws-sdk/credential-provider-imds@3.201.0 OK for: @aws-sdk/credential-providers@3.204.0 want: 3.201.0
144 silly placeDep ROOT @aws-sdk/credential-provider-ini@3.204.0 OK for: @aws-sdk/credential-providers@3.204.0 want: 3.204.0
145 silly placeDep ROOT @aws-sdk/credential-provider-node@3.204.0 OK for: @aws-sdk/credential-providers@3.204.0 want: 3.204.0
146 silly placeDep ROOT @aws-sdk/credential-provider-process@3.201.0 OK for: @aws-sdk/credential-providers@3.204.0 want: 3.201.0
147 silly placeDep ROOT @aws-sdk/credential-provider-sso@3.204.0 OK for: @aws-sdk/credential-providers@3.204.0 want: 3.204.0
148 silly placeDep ROOT @aws-sdk/credential-provider-web-identity@3.201.0 OK for: @aws-sdk/credential-providers@3.204.0 want: 3.201.0
149 silly placeDep ROOT @aws-sdk/property-provider@3.201.0 OK for: @aws-sdk/credential-providers@3.204.0 want: 3.201.0
150 silly placeDep ROOT @aws-sdk/shared-ini-file-loader@3.201.0 OK for: @aws-sdk/credential-providers@3.204.0 want: 3.201.0
151 silly placeDep ROOT @aws-sdk/types@3.201.0 OK for: @aws-sdk/credential-providers@3.204.0 want: 3.201.0
152 silly placeDep ROOT tslib@2.4.1 OK for: @aws-sdk/credential-providers@3.204.0 want: ^2.3.1
153 silly fetch manifest @aws-crypto/sha256-browser@2.0.0
154 silly fetch manifest @aws-crypto/sha256-js@2.0.0
155 silly fetch manifest @aws-sdk/config-resolver@3.201.0
156 silly fetch manifest @aws-sdk/fetch-http-handler@3.204.0
157 silly fetch manifest @aws-sdk/hash-node@3.201.0
158 silly fetch manifest @aws-sdk/invalid-dependency@3.201.0
159 silly fetch manifest @aws-sdk/middleware-content-length@3.201.0
160 silly fetch manifest @aws-sdk/middleware-endpoint@3.201.0
161 silly fetch manifest @aws-sdk/middleware-host-header@3.201.0
162 silly fetch manifest @aws-sdk/middleware-logger@3.201.0
163 silly fetch manifest @aws-sdk/middleware-recursion-detection@3.201.0
164 silly fetch manifest @aws-sdk/middleware-retry@3.201.0
165 silly fetch manifest @aws-sdk/middleware-serde@3.201.0
166 silly fetch manifest @aws-sdk/middleware-signing@3.201.0
167 silly fetch manifest @aws-sdk/middleware-stack@3.201.0
168 silly fetch manifest @aws-sdk/middleware-user-agent@3.201.0
169 silly fetch manifest @aws-sdk/node-config-provider@3.201.0
170 silly fetch manifest @aws-sdk/node-http-handler@3.201.0
171 silly fetch manifest @aws-sdk/protocol-http@3.201.0
172 silly fetch manifest @aws-sdk/smithy-client@3.201.0
173 silly fetch manifest @aws-sdk/url-parser@3.201.0
174 silly fetch manifest @aws-sdk/util-base64@3.202.0
175 silly fetch manifest @aws-sdk/util-base64-browser@3.188.0
176 silly fetch manifest @aws-sdk/util-base64-node@3.201.0
177 silly fetch manifest @aws-sdk/util-body-length-browser@3.188.0
178 silly fetch manifest @aws-sdk/util-body-length-node@3.201.0
179 silly fetch manifest @aws-sdk/util-defaults-mode-browser@3.201.0
180 silly fetch manifest @aws-sdk/util-defaults-mode-node@3.201.0
181 silly fetch manifest @aws-sdk/util-endpoints@3.202.0
182 silly fetch manifest @aws-sdk/util-user-agent-browser@3.201.0
183 silly fetch manifest @aws-sdk/util-user-agent-node@3.201.0
184 silly fetch manifest @aws-sdk/util-utf8-browser@3.188.0
185 silly fetch manifest @aws-sdk/util-utf8-node@3.201.0
186 silly fetch manifest @aws-sdk/middleware-sdk-sts@3.201.0
187 silly fetch manifest fast-xml-parser@4.0.11
188 http fetch GET 200 https://registry.npmjs.org/@aws-crypto%2fsha256-js 330ms (cache miss)
189 http fetch GET 200 https://registry.npmjs.org/@aws-crypto%2fsha256-browser 335ms (cache miss)
190 http fetch GET 200 https://registry.npmjs.org/@aws-sdk%2fmiddleware-endpoint 331ms (cache miss)
191 http fetch GET 200 https://registry.npmjs.org/@aws-sdk%2fmiddleware-serde 610ms (cache miss)
192 http fetch GET 200 https://registry.npmjs.org/@aws-sdk%2fmiddleware-content-length 630ms (cache miss)
193 http fetch GET 200 https://registry.npmjs.org/@aws-sdk%2finvalid-dependency 659ms (cache miss)
194 http fetch GET 200 https://registry.npmjs.org/@aws-sdk%2fconfig-resolver 672ms (cache miss)
195 http fetch GET 200 https://registry.npmjs.org/@aws-sdk%2fmiddleware-signing 652ms (cache miss)
196 http fetch GET 200 https://registry.npmjs.org/@aws-sdk%2fhash-node 714ms (cache miss)
197 http fetch GET 200 https://registry.npmjs.org/@aws-sdk%2fmiddleware-logger 738ms (cache miss)
198 http fetch GET 200 https://registry.npmjs.org/@aws-sdk%2fnode-http-handler 770ms (cache miss)
199 http fetch GET 200 https://registry.npmjs.org/@aws-sdk%2ffetch-http-handler 801ms (cache miss)
200 http fetch GET 200 https://registry.npmjs.org/@aws-sdk%2fmiddleware-retry 790ms (cache miss)
201 http fetch GET 200 https://registry.npmjs.org/@aws-sdk%2fnode-config-provider 797ms (cache miss)
202 http fetch GET 200 https://registry.npmjs.org/@aws-sdk%2futil-base64 829ms (cache miss)
203 http fetch GET 200 https://registry.npmjs.org/@aws-sdk%2futil-base64-browser 947ms (cache miss)
204 http fetch GET 200 https://registry.npmjs.org/@aws-sdk%2futil-base64-node 951ms (cache miss)
205 http fetch GET 200 https://registry.npmjs.org/@aws-sdk%2furl-parser 962ms (cache miss)
206 http fetch GET 200 https://registry.npmjs.org/@aws-sdk%2fmiddleware-host-header 1050ms (cache miss)
207 http fetch GET 200 https://registry.npmjs.org/@aws-sdk%2futil-body-length-browser 1079ms (cache miss)
208 http fetch GET 200 https://registry.npmjs.org/@aws-sdk%2futil-defaults-mode-browser 1078ms (cache miss)
209 http fetch GET 200 https://registry.npmjs.org/@aws-sdk%2futil-body-length-node 1080ms (cache miss)
210 http fetch GET 200 https://registry.npmjs.org/@aws-sdk%2fmiddleware-recursion-detection 1147ms (cache miss)
211 http fetch GET 200 https://registry.npmjs.org/@aws-sdk%2futil-defaults-mode-node 1163ms (cache miss)
212 http fetch GET 200 https://registry.npmjs.org/@aws-sdk%2fmiddleware-stack 1181ms (cache miss)
213 http fetch GET 200 https://registry.npmjs.org/@aws-sdk%2futil-utf8-browser 1201ms (cache miss)
214 http fetch GET 200 https://registry.npmjs.org/@aws-sdk%2fmiddleware-sdk-sts 1289ms (cache miss)
215 http fetch GET 200 https://registry.npmjs.org/@aws-sdk%2fmiddleware-user-agent 1330ms (cache miss)
216 http fetch GET 200 https://registry.npmjs.org/@aws-sdk%2fprotocol-http 1687ms (cache miss)
217 http fetch GET 200 https://registry.npmjs.org/fast-xml-parser 1665ms (cache miss)
218 http fetch GET 200 https://registry.npmjs.org/@aws-sdk%2futil-user-agent-browser 1697ms (cache miss)
219 http fetch GET 200 https://registry.npmjs.org/@aws-sdk%2futil-endpoints 1899ms (cache miss)
220 http fetch GET 200 https://registry.npmjs.org/@aws-sdk%2fsmithy-client 1971ms (cache miss)
221 http fetch GET 200 https://registry.npmjs.org/@aws-sdk%2futil-user-agent-node 2116ms (cache miss)
222 http fetch GET 200 https://registry.npmjs.org/@aws-sdk%2futil-utf8-node 2139ms (cache miss)
223 timing idealTree:node_modules/@aws-sdk/credential-providers Completed in 2248ms
224 silly fetch manifest aws-crt@>=1.0.0
225 http fetch GET 200 https://registry.npmjs.org/aws-crt 323ms (cache miss)
226 silly placeDep ROOT @aws-crypto/sha256-browser@2.0.0 OK for: @aws-sdk/client-cognito-identity@3.204.0 want: 2.0.0
227 silly placeDep ROOT @aws-crypto/sha256-js@2.0.0 OK for: @aws-sdk/client-cognito-identity@3.204.0 want: 2.0.0
228 silly placeDep ROOT @aws-sdk/config-resolver@3.201.0 OK for: @aws-sdk/client-cognito-identity@3.204.0 want: 3.201.0
229 silly placeDep ROOT @aws-sdk/fetch-http-handler@3.204.0 OK for: @aws-sdk/client-cognito-identity@3.204.0 want: 3.204.0
230 silly placeDep ROOT @aws-sdk/hash-node@3.201.0 OK for: @aws-sdk/client-cognito-identity@3.204.0 want: 3.201.0
231 silly placeDep ROOT @aws-sdk/invalid-dependency@3.201.0 OK for: @aws-sdk/client-cognito-identity@3.204.0 want: 3.201.0
232 silly placeDep ROOT @aws-sdk/middleware-content-length@3.201.0 OK for: @aws-sdk/client-cognito-identity@3.204.0 want: 3.201.0
233 silly placeDep ROOT @aws-sdk/middleware-endpoint@3.201.0 OK for: @aws-sdk/client-cognito-identity@3.204.0 want: 3.201.0
234 silly placeDep ROOT @aws-sdk/middleware-host-header@3.201.0 OK for: @aws-sdk/client-cognito-identity@3.204.0 want: 3.201.0
235 silly placeDep ROOT @aws-sdk/middleware-logger@3.201.0 OK for: @aws-sdk/client-cognito-identity@3.204.0 want: 3.201.0
236 silly placeDep ROOT @aws-sdk/middleware-recursion-detection@3.201.0 OK for: @aws-sdk/client-cognito-identity@3.204.0 want: 3.201.0
237 silly placeDep ROOT @aws-sdk/middleware-retry@3.201.0 OK for: @aws-sdk/client-cognito-identity@3.204.0 want: 3.201.0
238 silly placeDep ROOT @aws-sdk/middleware-serde@3.201.0 OK for: @aws-sdk/client-cognito-identity@3.204.0 want: 3.201.0
239 silly placeDep ROOT @aws-sdk/middleware-signing@3.201.0 OK for: @aws-sdk/client-cognito-identity@3.204.0 want: 3.201.0
240 silly placeDep ROOT @aws-sdk/middleware-stack@3.201.0 OK for: @aws-sdk/client-cognito-identity@3.204.0 want: 3.201.0
241 silly placeDep ROOT @aws-sdk/middleware-user-agent@3.201.0 OK for: @aws-sdk/client-cognito-identity@3.204.0 want: 3.201.0
242 silly placeDep ROOT @aws-sdk/node-config-provider@3.201.0 OK for: @aws-sdk/client-cognito-identity@3.204.0 want: 3.201.0
243 silly placeDep ROOT @aws-sdk/node-http-handler@3.201.0 OK for: @aws-sdk/client-cognito-identity@3.204.0 want: 3.201.0
244 silly placeDep ROOT @aws-sdk/protocol-http@3.201.0 OK for: @aws-sdk/client-cognito-identity@3.204.0 want: 3.201.0
245 silly placeDep ROOT @aws-sdk/smithy-client@3.201.0 OK for: @aws-sdk/client-cognito-identity@3.204.0 want: 3.201.0
246 silly placeDep ROOT @aws-sdk/url-parser@3.201.0 OK for: @aws-sdk/client-cognito-identity@3.204.0 want: 3.201.0
247 silly placeDep ROOT @aws-sdk/util-base64@3.202.0 OK for: @aws-sdk/client-cognito-identity@3.204.0 want: 3.202.0
248 silly placeDep ROOT @aws-sdk/util-base64-browser@3.188.0 OK for: @aws-sdk/client-cognito-identity@3.204.0 want: 3.188.0
249 silly placeDep ROOT @aws-sdk/util-base64-node@3.201.0 OK for: @aws-sdk/client-cognito-identity@3.204.0 want: 3.201.0
250 silly placeDep ROOT @aws-sdk/util-body-length-browser@3.188.0 OK for: @aws-sdk/client-cognito-identity@3.204.0 want: 3.188.0
251 silly placeDep ROOT @aws-sdk/util-body-length-node@3.201.0 OK for: @aws-sdk/client-cognito-identity@3.204.0 want: 3.201.0
252 silly placeDep ROOT @aws-sdk/util-defaults-mode-browser@3.201.0 OK for: @aws-sdk/client-cognito-identity@3.204.0 want: 3.201.0
253 silly placeDep ROOT @aws-sdk/util-defaults-mode-node@3.201.0 OK for: @aws-sdk/client-cognito-identity@3.204.0 want: 3.201.0
254 silly placeDep ROOT @aws-sdk/util-endpoints@3.202.0 OK for: @aws-sdk/client-cognito-identity@3.204.0 want: 3.202.0
255 silly placeDep ROOT @aws-sdk/util-user-agent-browser@3.201.0 OK for: @aws-sdk/client-cognito-identity@3.204.0 want: 3.201.0
256 silly placeDep ROOT @aws-sdk/util-user-agent-node@3.201.0 OK for: @aws-sdk/client-cognito-identity@3.204.0 want: 3.201.0
257 silly placeDep ROOT @aws-sdk/util-utf8-browser@3.188.0 OK for: @aws-sdk/client-cognito-identity@3.204.0 want: 3.188.0
258 silly placeDep ROOT @aws-sdk/util-utf8-node@3.201.0 OK for: @aws-sdk/client-cognito-identity@3.204.0 want: 3.201.0
259 silly fetch manifest @aws-crypto/ie11-detection@^2.0.0
260 silly fetch manifest @aws-crypto/supports-web-crypto@^2.0.0
261 silly fetch manifest @aws-crypto/util@^2.0.0
262 silly fetch manifest @aws-sdk/util-locate-window@^3.0.0
263 silly fetch manifest tslib@^1.11.1
264 silly fetch manifest @aws-sdk/signature-v4@3.201.0
265 silly fetch manifest @aws-sdk/util-config-provider@3.201.0
266 silly fetch manifest @aws-sdk/util-middleware@3.201.0
267 silly fetch manifest @aws-sdk/querystring-builder@3.201.0
268 silly fetch manifest @aws-sdk/util-buffer-from@3.201.0
269 silly fetch manifest @aws-sdk/service-error-classification@3.201.0
270 silly fetch manifest uuid@^8.3.2
271 silly fetch manifest @aws-sdk/abort-controller@3.201.0
272 silly fetch manifest @aws-sdk/querystring-parser@3.201.0
273 silly fetch manifest bowser@^2.11.0
274 http fetch GET 200 https://registry.npmjs.org/uuid 171ms (cache miss)
275 http fetch GET 200 https://registry.npmjs.org/@aws-crypto%2fsupports-web-crypto 290ms (cache miss)
276 http fetch GET 200 https://registry.npmjs.org/@aws-sdk%2futil-middleware 284ms (cache miss)
277 http fetch GET 200 https://registry.npmjs.org/@aws-crypto%2fie11-detection 367ms (cache miss)
278 http fetch GET 200 https://registry.npmjs.org/bowser 355ms (cache miss)
279 http fetch GET 200 https://registry.npmjs.org/@aws-sdk%2fquerystring-builder 472ms (cache miss)
280 http fetch GET 200 https://registry.npmjs.org/@aws-sdk%2fservice-error-classification 475ms (cache miss)
281 http fetch GET 200 https://registry.npmjs.org/@aws-sdk%2fabort-controller 489ms (cache miss)
282 http fetch GET 200 https://registry.npmjs.org/@aws-sdk%2futil-locate-window 505ms (cache miss)
283 http fetch GET 200 https://registry.npmjs.org/@aws-sdk%2futil-config-provider 503ms (cache miss)
284 http fetch GET 200 https://registry.npmjs.org/@aws-sdk%2fquerystring-parser 618ms (cache miss)
285 http fetch GET 200 https://registry.npmjs.org/@aws-sdk%2futil-buffer-from 697ms (cache miss)
286 http fetch GET 200 https://registry.npmjs.org/@aws-sdk%2fsignature-v4 989ms (cache miss)
287 http fetch GET 200 https://registry.npmjs.org/@aws-crypto%2futil 1056ms (cache miss)
288 timing idealTree:node_modules/@aws-sdk/client-cognito-identity Completed in 1488ms
289 silly placeDep ROOT @aws-crypto/ie11-detection@2.0.2 OK for: @aws-crypto/sha256-browser@2.0.0 want: ^2.0.0
290 silly placeDep ROOT @aws-crypto/supports-web-crypto@2.0.2 OK for: @aws-crypto/sha256-browser@2.0.0 want: ^2.0.0
291 silly placeDep ROOT @aws-crypto/util@2.0.2 OK for: @aws-crypto/sha256-browser@2.0.0 want: ^2.0.0
292 silly placeDep ROOT @aws-sdk/util-locate-window@3.201.0 OK for: @aws-crypto/sha256-browser@2.0.0 want: ^3.0.0
293 silly placeDep node_modules/@aws-crypto/sha256-browser tslib@1.14.1 OK for: @aws-crypto/sha256-browser@2.0.0 want: ^1.11.1
294 timing idealTree:node_modules/@aws-crypto/sha256-browser Completed in 9ms
295 silly placeDep node_modules/@aws-crypto/ie11-detection tslib@1.14.1 OK for: @aws-crypto/ie11-detection@2.0.2 want: ^1.11.1
296 timing idealTree:node_modules/@aws-crypto/ie11-detection Completed in 2ms
297 silly placeDep node_modules/@aws-crypto/sha256-js tslib@1.14.1 OK for: @aws-crypto/sha256-js@2.0.0 want: ^1.11.1
298 timing idealTree:node_modules/@aws-crypto/sha256-js Completed in 2ms
299 silly placeDep node_modules/@aws-crypto/supports-web-crypto tslib@1.14.1 OK for: @aws-crypto/supports-web-crypto@2.0.2 want: ^1.11.1
300 timing idealTree:node_modules/@aws-crypto/supports-web-crypto Completed in 2ms
301 silly placeDep node_modules/@aws-crypto/util tslib@1.14.1 OK for: @aws-crypto/util@2.0.2 want: ^1.11.1
302 timing idealTree:node_modules/@aws-crypto/util Completed in 1ms
303 timing idealTree:node_modules/@aws-sdk/client-sso Completed in 1ms
304 silly placeDep ROOT @aws-sdk/middleware-sdk-sts@3.201.0 OK for: @aws-sdk/client-sts@3.204.0 want: 3.201.0
305 silly placeDep ROOT fast-xml-parser@4.0.11 OK for: @aws-sdk/client-sts@3.204.0 want: 4.0.11
306 silly fetch manifest strnum@^1.0.5
307 http fetch GET 200 https://registry.npmjs.org/strnum 157ms (cache miss)
308 timing idealTree:node_modules/@aws-sdk/client-sts Completed in 161ms
309 silly placeDep ROOT @aws-sdk/signature-v4@3.201.0 OK for: @aws-sdk/config-resolver@3.201.0 want: 3.201.0
310 silly placeDep ROOT @aws-sdk/util-config-provider@3.201.0 OK for: @aws-sdk/config-resolver@3.201.0 want: 3.201.0
311 silly placeDep ROOT @aws-sdk/util-middleware@3.201.0 OK for: @aws-sdk/config-resolver@3.201.0 want: 3.201.0
312 silly fetch manifest @aws-sdk/is-array-buffer@3.201.0
313 silly fetch manifest @aws-sdk/util-hex-encoding@3.201.0
314 silly fetch manifest @aws-sdk/util-uri-escape@3.201.0
315 http fetch GET 200 https://registry.npmjs.org/@aws-sdk%2fis-array-buffer 308ms (cache miss)
316 http fetch GET 200 https://registry.npmjs.org/@aws-sdk%2futil-uri-escape 400ms (cache miss)
317 http fetch GET 200 https://registry.npmjs.org/@aws-sdk%2futil-hex-encoding 983ms (cache miss)
318 timing idealTree:node_modules/@aws-sdk/config-resolver Completed in 992ms
319 timing idealTree:node_modules/@aws-sdk/credential-provider-cognito-identity Completed in 0ms
320 timing idealTree:node_modules/@aws-sdk/credential-provider-env Completed in 0ms
321 timing idealTree:node_modules/@aws-sdk/credential-provider-imds Completed in 0ms
322 timing idealTree:node_modules/@aws-sdk/credential-provider-ini Completed in 0ms
323 timing idealTree:node_modules/@aws-sdk/credential-provider-node Completed in 0ms
324 timing idealTree:node_modules/@aws-sdk/credential-provider-process Completed in 0ms
325 timing idealTree:node_modules/@aws-sdk/credential-provider-sso Completed in 0ms
326 timing idealTree:node_modules/@aws-sdk/credential-provider-web-identity Completed in 0ms
327 silly placeDep ROOT @aws-sdk/querystring-builder@3.201.0 OK for: @aws-sdk/fetch-http-handler@3.204.0 want: 3.201.0
328 timing idealTree:node_modules/@aws-sdk/fetch-http-handler Completed in 3ms
329 silly placeDep ROOT @aws-sdk/util-buffer-from@3.201.0 OK for: @aws-sdk/hash-node@3.201.0 want: 3.201.0
330 timing idealTree:node_modules/@aws-sdk/hash-node Completed in 2ms
331 timing idealTree:node_modules/@aws-sdk/invalid-dependency Completed in 0ms
332 timing idealTree:node_modules/@aws-sdk/middleware-content-length Completed in 0ms
333 timing idealTree:node_modules/@aws-sdk/middleware-endpoint Completed in 0ms
334 timing idealTree:node_modules/@aws-sdk/middleware-host-header Completed in 0ms
335 timing idealTree:node_modules/@aws-sdk/middleware-logger Completed in 0ms
336 timing idealTree:node_modules/@aws-sdk/middleware-recursion-detection Completed in 0ms
337 silly placeDep ROOT @aws-sdk/service-error-classification@3.201.0 OK for: @aws-sdk/middleware-retry@3.201.0 want: 3.201.0
338 silly placeDep ROOT uuid@8.3.2 OK for: @aws-sdk/middleware-retry@3.201.0 want: ^8.3.2
339 timing idealTree:node_modules/@aws-sdk/middleware-retry Completed in 2ms
340 timing idealTree:node_modules/@aws-sdk/middleware-sdk-sts Completed in 0ms
341 timing idealTree:node_modules/@aws-sdk/middleware-serde Completed in 0ms
342 timing idealTree:node_modules/@aws-sdk/middleware-signing Completed in 0ms
343 timing idealTree:node_modules/@aws-sdk/middleware-stack Completed in 0ms
344 timing idealTree:node_modules/@aws-sdk/middleware-user-agent Completed in 0ms
345 timing idealTree:node_modules/@aws-sdk/node-config-provider Completed in 0ms
346 silly placeDep ROOT @aws-sdk/abort-controller@3.201.0 OK for: @aws-sdk/node-http-handler@3.201.0 want: 3.201.0
347 timing idealTree:node_modules/@aws-sdk/node-http-handler Completed in 1ms
348 timing idealTree:node_modules/@aws-sdk/abort-controller Completed in 0ms
349 timing idealTree:node_modules/@aws-sdk/property-provider Completed in 0ms
350 timing idealTree:node_modules/@aws-sdk/protocol-http Completed in 0ms
351 silly placeDep ROOT @aws-sdk/util-uri-escape@3.201.0 OK for: @aws-sdk/querystring-builder@3.201.0 want: 3.201.0
352 timing idealTree:node_modules/@aws-sdk/querystring-builder Completed in 2ms
353 timing idealTree:node_modules/@aws-sdk/service-error-classification Completed in 0ms
354 timing idealTree:node_modules/@aws-sdk/shared-ini-file-loader Completed in 0ms
355 silly placeDep ROOT @aws-sdk/is-array-buffer@3.201.0 OK for: @aws-sdk/signature-v4@3.201.0 want: 3.201.0
356 silly placeDep ROOT @aws-sdk/util-hex-encoding@3.201.0 OK for: @aws-sdk/signature-v4@3.201.0 want: 3.201.0
357 timing idealTree:node_modules/@aws-sdk/signature-v4 Completed in 4ms
358 timing idealTree:node_modules/@aws-sdk/is-array-buffer Completed in 0ms
359 timing idealTree:node_modules/@aws-sdk/smithy-client Completed in 0ms
360 timing idealTree:node_modules/@aws-sdk/types Completed in 0ms
361 silly placeDep ROOT @aws-sdk/querystring-parser@3.201.0 OK for: @aws-sdk/url-parser@3.201.0 want: 3.201.0
362 timing idealTree:node_modules/@aws-sdk/url-parser Completed in 1ms
363 timing idealTree:node_modules/@aws-sdk/querystring-parser Completed in 0ms
364 timing idealTree:node_modules/@aws-sdk/util-base64 Completed in 0ms
365 timing idealTree:node_modules/@aws-sdk/util-base64-browser Completed in 0ms
366 timing idealTree:node_modules/@aws-sdk/util-base64-node Completed in 0ms
367 timing idealTree:node_modules/@aws-sdk/util-body-length-browser Completed in 0ms
368 timing idealTree:node_modules/@aws-sdk/util-body-length-node Completed in 0ms
369 timing idealTree:node_modules/@aws-sdk/util-buffer-from Completed in 0ms
370 timing idealTree:node_modules/@aws-sdk/util-config-provider Completed in 0ms
371 silly placeDep ROOT bowser@2.11.0 OK for: @aws-sdk/util-defaults-mode-browser@3.201.0 want: ^2.11.0
372 timing idealTree:node_modules/@aws-sdk/util-defaults-mode-browser Completed in 1ms
373 timing idealTree:node_modules/@aws-sdk/util-defaults-mode-node Completed in 0ms
374 timing idealTree:node_modules/@aws-sdk/util-endpoints Completed in 0ms
375 timing idealTree:node_modules/@aws-sdk/util-hex-encoding Completed in 0ms
376 timing idealTree:node_modules/@aws-sdk/util-locate-window Completed in 0ms
377 timing idealTree:node_modules/@aws-sdk/util-middleware Completed in 0ms
378 timing idealTree:node_modules/@aws-sdk/util-uri-escape Completed in 0ms
379 timing idealTree:node_modules/@aws-sdk/util-user-agent-browser Completed in 0ms
380 timing idealTree:node_modules/@aws-sdk/util-user-agent-node Completed in 0ms
381 timing idealTree:node_modules/@aws-sdk/util-utf8-browser Completed in 0ms
382 timing idealTree:node_modules/@aws-sdk/util-utf8-node Completed in 0ms
383 timing idealTree:node_modules/bowser Completed in 0ms
384 timing idealTree:node_modules/denque Completed in 0ms
385 silly placeDep ROOT strnum@1.0.5 OK for: fast-xml-parser@4.0.11 want: ^1.0.5
386 timing idealTree:node_modules/fast-xml-parser Completed in 1ms
387 silly placeDep ROOT @types/whatwg-url@8.2.2 OK for: mongodb-connection-string-url@2.5.4 want: ^8.2.1
388 silly placeDep ROOT whatwg-url@11.0.0 OK for: mongodb-connection-string-url@2.5.4 want: ^11.0.0
389 silly fetch manifest @types/node@*
390 silly fetch manifest @types/webidl-conversions@*
391 silly fetch manifest tr46@^3.0.0
392 silly fetch manifest webidl-conversions@^7.0.0
393 http fetch GET 200 https://registry.npmjs.org/webidl-conversions 142ms (cache miss)
394 http fetch GET 200 https://registry.npmjs.org/@types%2fwebidl-conversions 236ms (cache miss)
395 http fetch GET 200 https://registry.npmjs.org/tr46 504ms (cache miss)
396 http fetch GET 200 https://registry.npmjs.org/@types%2fnode 2213ms (cache miss)
397 timing idealTree:node_modules/mongodb-connection-string-url Completed in 2228ms
398 silly placeDep ROOT @types/node@18.11.9 OK for: @types/whatwg-url@8.2.2 want: *
399 silly placeDep ROOT @types/webidl-conversions@7.0.0 OK for: @types/whatwg-url@8.2.2 want: *
400 timing idealTree:node_modules/@types/whatwg-url Completed in 3ms
401 timing idealTree:node_modules/@types/node Completed in 0ms
402 timing idealTree:node_modules/@types/webidl-conversions Completed in 0ms
403 timing idealTree:node_modules/mpath Completed in 0ms
404 silly placeDep node_modules/mquery debug@4.3.4 OK for: mquery@4.0.3 want: 4.x
405 silly fetch manifest ms@2.1.2
406 timing idealTree:node_modules/mquery Completed in 2ms
407 silly placeDep ROOT sparse-bitfield@3.0.3 OK for: saslprep@1.0.3 want: ^3.0.3
408 silly fetch manifest memory-pager@^1.0.2
409 http fetch GET 200 https://registry.npmjs.org/memory-pager 108ms (cache miss)
410 timing idealTree:node_modules/saslprep Completed in 109ms
411 timing idealTree:node_modules/sift Completed in 0ms
412 silly placeDep ROOT ip@2.0.0 OK for: socks@2.7.1 want: ^2.0.0
413 silly placeDep ROOT smart-buffer@4.2.0 OK for: socks@2.7.1 want: ^4.2.0
414 timing idealTree:node_modules/socks Completed in 2ms
415 timing idealTree:node_modules/ip Completed in 0ms
416 timing idealTree:node_modules/smart-buffer Completed in 0ms
417 silly placeDep ROOT memory-pager@1.5.0 OK for: sparse-bitfield@3.0.3 want: ^1.0.2
418 timing idealTree:node_modules/sparse-bitfield Completed in 1ms
419 timing idealTree:node_modules/memory-pager Completed in 0ms
420 timing idealTree:node_modules/strnum Completed in 0ms
421 timing idealTree:node_modules/tslib Completed in 0ms
422 timing idealTree:node_modules/uuid Completed in 0ms
423 silly placeDep ROOT tr46@3.0.0 OK for: whatwg-url@11.0.0 want: ^3.0.0
424 silly placeDep ROOT webidl-conversions@7.0.0 OK for: whatwg-url@11.0.0 want: ^7.0.0
425 silly fetch manifest punycode@^2.1.1
426 http fetch GET 200 https://registry.npmjs.org/punycode 224ms (cache miss)
427 timing idealTree:node_modules/whatwg-url Completed in 226ms
428 silly placeDep ROOT punycode@2.1.1 OK for: tr46@3.0.0 want: ^2.1.1
429 timing idealTree:node_modules/tr46 Completed in 1ms
430 timing idealTree:node_modules/punycode Completed in 0ms
431 timing idealTree:node_modules/webidl-conversions Completed in 0ms
432 timing idealTree:node_modules/@aws-crypto/ie11-detection/node_modules/tslib Completed in 0ms
433 timing idealTree:node_modules/@aws-crypto/sha256-browser/node_modules/tslib Completed in 0ms
434 timing idealTree:node_modules/@aws-crypto/sha256-js/node_modules/tslib Completed in 0ms
435 timing idealTree:node_modules/@aws-crypto/supports-web-crypto/node_modules/tslib Completed in 0ms
436 timing idealTree:node_modules/@aws-crypto/util/node_modules/tslib Completed in 0ms
437 timing idealTree:node_modules/mongoose/node_modules/ms Completed in 0ms
438 silly placeDep node_modules/mquery ms@2.1.2 OK for: debug@4.3.4 want: 2.1.2
439 timing idealTree:node_modules/mquery/node_modules/debug Completed in 1ms
440 timing idealTree:node_modules/mquery/node_modules/ms Completed in 0ms
441 timing idealTree:buildDeps Completed in 14242ms
442 timing idealTree:fixDepFlags Completed in 1ms
443 timing idealTree Completed in 14311ms
444 timing reify:loadTrees Completed in 14313ms
445 timing reify:diffTrees Completed in 4ms
446 silly reify moves {}
447 timing reify:retireShallow Completed in 1ms
448 timing reify:createSparse Completed in 59ms
449 timing reify:loadBundles Completed in 0ms
450 silly audit bulk request {
450 silly audit   accepts: [ '1.3.8' ],
450 silly audit   'array-flatten': [ '1.1.1' ],
450 silly audit   'body-parser': [ '1.20.1' ],
450 silly audit   bytes: [ '3.1.2' ],
450 silly audit   'call-bind': [ '1.0.2' ],
450 silly audit   'content-disposition': [ '0.5.4' ],
450 silly audit   'content-type': [ '1.0.4' ],
450 silly audit   cookie: [ '0.5.0' ],
450 silly audit   'cookie-signature': [ '1.0.6' ],
450 silly audit   debug: [ '2.6.9', '4.3.4' ],
450 silly audit   depd: [ '2.0.0' ],
450 silly audit   destroy: [ '1.2.0' ],
450 silly audit   'ee-first': [ '1.1.1' ],
450 silly audit   encodeurl: [ '1.0.2' ],
450 silly audit   'escape-html': [ '1.0.3' ],
450 silly audit   etag: [ '1.8.1' ],
450 silly audit   express: [ '4.18.2' ],
450 silly audit   finalhandler: [ '1.2.0' ],
450 silly audit   forwarded: [ '0.2.0' ],
450 silly audit   fresh: [ '0.5.2' ],
450 silly audit   'function-bind': [ '1.1.1' ],
450 silly audit   'get-intrinsic': [ '1.1.3' ],
450 silly audit   has: [ '1.0.3' ],
450 silly audit   'has-symbols': [ '1.0.3' ],
450 silly audit   'http-errors': [ '2.0.0' ],
450 silly audit   'iconv-lite': [ '0.4.24' ],
450 silly audit   inherits: [ '2.0.4' ],
450 silly audit   'ipaddr.js': [ '1.9.1' ],
450 silly audit   'media-typer': [ '0.3.0' ],
450 silly audit   'merge-descriptors': [ '1.0.1' ],
450 silly audit   methods: [ '1.1.2' ],
450 silly audit   mime: [ '1.6.0' ],
450 silly audit   'mime-db': [ '1.52.0' ],
450 silly audit   'mime-types': [ '2.1.35' ],
450 silly audit   mongose: [ '0.0.2-security' ],
450 silly audit   ms: [ '2.0.0', '2.1.3', '2.1.2' ],
450 silly audit   negotiator: [ '0.6.3' ],
450 silly audit   'object-inspect': [ '1.12.2' ],
450 silly audit   'on-finished': [ '2.4.1' ],
450 silly audit   parseurl: [ '1.3.3' ],
450 silly audit   'path-to-regexp': [ '0.1.7' ],
450 silly audit   'proxy-addr': [ '2.0.7' ],
450 silly audit   qs: [ '6.11.0' ],
450 silly audit   'range-parser': [ '1.2.1' ],
450 silly audit   'raw-body': [ '2.5.1' ],
450 silly audit   'safe-buffer': [ '5.2.1' ],
450 silly audit   'safer-buffer': [ '2.1.2' ],
450 silly audit   send: [ '0.18.0' ],
450 silly audit   'serve-static': [ '1.15.0' ],
450 silly audit   setprototypeof: [ '1.2.0' ],
450 silly audit   'side-channel': [ '1.0.4' ],
450 silly audit   statuses: [ '2.0.1' ],
450 silly audit   toidentifier: [ '1.0.1' ],
450 silly audit   'type-is': [ '1.6.18' ],
450 silly audit   unpipe: [ '1.0.0' ],
450 silly audit   'utils-merge': [ '1.0.1' ],
450 silly audit   vary: [ '1.1.2' ],
450 silly audit   mongoose: [ '6.7.1' ],
450 silly audit   bson: [ '4.7.0' ],
450 silly audit   kareem: [ '2.4.1' ],
450 silly audit   mongodb: [ '4.11.0' ],
450 silly audit   mpath: [ '0.9.0' ],
450 silly audit   mquery: [ '4.0.3' ],
450 silly audit   sift: [ '16.0.1' ],
450 silly audit   buffer: [ '5.7.1' ],
450 silly audit   'base64-js': [ '1.5.1' ],
450 silly audit   ieee754: [ '1.2.1' ],
450 silly audit   '@aws-sdk/credential-providers': [ '3.204.0' ],
450 silly audit   denque: [ '2.1.0' ],
450 silly audit   'mongodb-connection-string-url': [ '2.5.4' ],
450 silly audit   saslprep: [ '1.0.3' ],
450 silly audit   socks: [ '2.7.1' ],
450 silly audit   '@aws-sdk/client-cognito-identity': [ '3.204.0' ],
450 silly audit   '@aws-sdk/client-sso': [ '3.204.0' ],
450 silly audit   '@aws-sdk/client-sts': [ '3.204.0' ],
450 silly audit   '@aws-sdk/credential-provider-cognito-identity': [ '3.204.0' ],
450 silly audit   '@aws-sdk/credential-provider-env': [ '3.201.0' ],
450 silly audit   '@aws-sdk/credential-provider-imds': [ '3.201.0' ],
450 silly audit   '@aws-sdk/credential-provider-ini': [ '3.204.0' ],
450 silly audit   '@aws-sdk/credential-provider-node': [ '3.204.0' ],
450 silly audit   '@aws-sdk/credential-provider-process': [ '3.201.0' ],
450 silly audit   '@aws-sdk/credential-provider-sso': [ '3.204.0' ],
450 silly audit   '@aws-sdk/credential-provider-web-identity': [ '3.201.0' ],
450 silly audit   '@aws-sdk/property-provider': [ '3.201.0' ],
450 silly audit   '@aws-sdk/shared-ini-file-loader': [ '3.201.0' ],
450 silly audit   '@aws-sdk/types': [ '3.201.0' ],
450 silly audit   tslib: [ '2.4.1', '1.14.1' ],
450 silly audit   '@aws-crypto/sha256-browser': [ '2.0.0' ],
450 silly audit   '@aws-crypto/sha256-js': [ '2.0.0' ],
450 silly audit   '@aws-sdk/config-resolver': [ '3.201.0' ],
450 silly audit   '@aws-sdk/fetch-http-handler': [ '3.204.0' ],
450 silly audit   '@aws-sdk/hash-node': [ '3.201.0' ],
450 silly audit   '@aws-sdk/invalid-dependency': [ '3.201.0' ],
450 silly audit   '@aws-sdk/middleware-content-length': [ '3.201.0' ],
450 silly audit   '@aws-sdk/middleware-endpoint': [ '3.201.0' ],
450 silly audit   '@aws-sdk/middleware-host-header': [ '3.201.0' ],
450 silly audit   '@aws-sdk/middleware-logger': [ '3.201.0' ],
450 silly audit   '@aws-sdk/middleware-recursion-detection': [ '3.201.0' ],
450 silly audit   '@aws-sdk/middleware-retry': [ '3.201.0' ],
450 silly audit   '@aws-sdk/middleware-serde': [ '3.201.0' ],
450 silly audit   '@aws-sdk/middleware-signing': [ '3.201.0' ],
450 silly audit   '@aws-sdk/middleware-stack': [ '3.201.0' ],
450 silly audit   '@aws-sdk/middleware-user-agent': [ '3.201.0' ],
450 silly audit   '@aws-sdk/node-config-provider': [ '3.201.0' ],
450 silly audit   '@aws-sdk/node-http-handler': [ '3.201.0' ],
450 silly audit   '@aws-sdk/protocol-http': [ '3.201.0' ],
450 silly audit   '@aws-sdk/smithy-client': [ '3.201.0' ],
450 silly audit   '@aws-sdk/url-parser': [ '3.201.0' ],
450 silly audit   '@aws-sdk/util-base64': [ '3.202.0' ],
450 silly audit   '@aws-sdk/util-base64-browser': [ '3.188.0' ],
450 silly audit   '@aws-sdk/util-base64-node': [ '3.201.0' ],
450 silly audit   '@aws-sdk/util-body-length-browser': [ '3.188.0' ],
450 silly audit   '@aws-sdk/util-body-length-node': [ '3.201.0' ],
450 silly audit   '@aws-sdk/util-defaults-mode-browser': [ '3.201.0' ],
450 silly audit   '@aws-sdk/util-defaults-mode-node': [ '3.201.0' ],
450 silly audit   '@aws-sdk/util-endpoints': [ '3.202.0' ],
450 silly audit   '@aws-sdk/util-user-agent-browser': [ '3.201.0' ],
450 silly audit   '@aws-sdk/util-user-agent-node': [ '3.201.0' ],
450 silly audit   '@aws-sdk/util-utf8-browser': [ '3.188.0' ],
450 silly audit   '@aws-sdk/util-utf8-node': [ '3.201.0' ],
450 silly audit   '@aws-crypto/ie11-detection': [ '2.0.2' ],
450 silly audit   '@aws-crypto/supports-web-crypto': [ '2.0.2' ],
450 silly audit   '@aws-crypto/util': [ '2.0.2' ],
450 silly audit   '@aws-sdk/util-locate-window': [ '3.201.0' ],
450 silly audit   '@aws-sdk/middleware-sdk-sts': [ '3.201.0' ],
450 silly audit   'fast-xml-parser': [ '4.0.11' ],
450 silly audit   '@aws-sdk/signature-v4': [ '3.201.0' ],
450 silly audit   '@aws-sdk/util-config-provider': [ '3.201.0' ],
450 silly audit   '@aws-sdk/util-middleware': [ '3.201.0' ],
450 silly audit   '@aws-sdk/querystring-builder': [ '3.201.0' ],
450 silly audit   '@aws-sdk/util-buffer-from': [ '3.201.0' ],
450 silly audit   '@aws-sdk/service-error-classification': [ '3.201.0' ],
450 silly audit   uuid: [ '8.3.2' ],
450 silly audit   '@aws-sdk/abort-controller': [ '3.201.0' ],
450 silly audit   '@aws-sdk/util-uri-escape': [ '3.201.0' ],
450 silly audit   '@aws-sdk/is-array-buffer': [ '3.201.0' ],
450 silly audit   '@aws-sdk/util-hex-encoding': [ '3.201.0' ],
450 silly audit   '@aws-sdk/querystring-parser': [ '3.201.0' ],
450 silly audit   bowser: [ '2.11.0' ],
450 silly audit   strnum: [ '1.0.5' ],
450 silly audit   '@types/whatwg-url': [ '8.2.2' ],
450 silly audit   'whatwg-url': [ '11.0.0' ],
450 silly audit   '@types/node': [ '18.11.9' ],
450 silly audit   '@types/webidl-conversions': [ '7.0.0' ],
450 silly audit   'sparse-bitfield': [ '3.0.3' ],
450 silly audit   ip: [ '2.0.0' ],
450 silly audit   'smart-buffer': [ '4.2.0' ],
450 silly audit   'memory-pager': [ '1.5.0' ],
450 silly audit   tr46: [ '3.0.0' ],
450 silly audit   'webidl-conversions': [ '7.0.0' ],
450 silly audit   punycode: [ '2.1.1' ]
450 silly audit }
451 silly tarball no local data for punycode@https://registry.npmjs.org/punycode/-/punycode-2.1.1.tgz. Extracting by manifest.
452 silly tarball no local data for tr46@https://registry.npmjs.org/tr46/-/tr46-3.0.0.tgz. Extracting by manifest.
453 silly tarball no local data for webidl-conversions@https://registry.npmjs.org/webidl-conversions/-/webidl-conversions-7.0.0.tgz. Extracting by manifest.
454 silly tarball no local data for memory-pager@https://registry.npmjs.org/memory-pager/-/memory-pager-1.5.0.tgz. Extracting by manifest.
455 silly tarball no local data for smart-buffer@https://registry.npmjs.org/smart-buffer/-/smart-buffer-4.2.0.tgz. Extracting by manifest.
456 silly tarball no local data for sparse-bitfield@https://registry.npmjs.org/sparse-bitfield/-/sparse-bitfield-3.0.3.tgz. Extracting by manifest.
457 silly tarball no local data for @types/webidl-conversions@https://registry.npmjs.org/@types/webidl-conversions/-/webidl-conversions-7.0.0.tgz. Extracting by manifest.
458 silly tarball no local data for ip@https://registry.npmjs.org/ip/-/ip-2.0.0.tgz. Extracting by manifest.
459 silly tarball no local data for @types/node@https://registry.npmjs.org/@types/node/-/node-18.11.9.tgz. Extracting by manifest.
460 silly tarball no local data for whatwg-url@https://registry.npmjs.org/whatwg-url/-/whatwg-url-11.0.0.tgz. Extracting by manifest.
461 silly tarball no local data for @types/whatwg-url@https://registry.npmjs.org/@types/whatwg-url/-/whatwg-url-8.2.2.tgz. Extracting by manifest.
462 silly tarball no local data for strnum@https://registry.npmjs.org/strnum/-/strnum-1.0.5.tgz. Extracting by manifest.
463 silly tarball no local data for bowser@https://registry.npmjs.org/bowser/-/bowser-2.11.0.tgz. Extracting by manifest.
464 silly tarball no local data for @aws-sdk/querystring-parser@https://registry.npmjs.org/@aws-sdk/querystring-parser/-/querystring-parser-3.201.0.tgz. Extracting by manifest.
465 silly tarball no local data for @aws-sdk/util-hex-encoding@https://registry.npmjs.org/@aws-sdk/util-hex-encoding/-/util-hex-encoding-3.201.0.tgz. Extracting by manifest.
466 silly tarball no local data for uuid@https://registry.npmjs.org/uuid/-/uuid-8.3.2.tgz. Extracting by manifest.
467 silly tarball no local data for @aws-sdk/is-array-buffer@https://registry.npmjs.org/@aws-sdk/is-array-buffer/-/is-array-buffer-3.201.0.tgz. Extracting by manifest.
468 silly tarball no local data for @aws-sdk/abort-controller@https://registry.npmjs.org/@aws-sdk/abort-controller/-/abort-controller-3.201.0.tgz. Extracting by manifest.
469 silly tarball no local data for @aws-sdk/util-buffer-from@https://registry.npmjs.org/@aws-sdk/util-buffer-from/-/util-buffer-from-3.201.0.tgz. Extracting by manifest.
470 silly tarball no local data for @aws-sdk/util-uri-escape@https://registry.npmjs.org/@aws-sdk/util-uri-escape/-/util-uri-escape-3.201.0.tgz. Extracting by manifest.
471 silly tarball no local data for @aws-sdk/service-error-classification@https://registry.npmjs.org/@aws-sdk/service-error-classification/-/service-error-classification-3.201.0.tgz. Extracting by manifest.
472 silly tarball no local data for @aws-sdk/querystring-builder@https://registry.npmjs.org/@aws-sdk/querystring-builder/-/querystring-builder-3.201.0.tgz. Extracting by manifest.
473 silly tarball no local data for @aws-sdk/util-config-provider@https://registry.npmjs.org/@aws-sdk/util-config-provider/-/util-config-provider-3.201.0.tgz. Extracting by manifest.
474 silly tarball no local data for @aws-sdk/util-middleware@https://registry.npmjs.org/@aws-sdk/util-middleware/-/util-middleware-3.201.0.tgz. Extracting by manifest.
475 silly tarball no local data for @aws-sdk/signature-v4@https://registry.npmjs.org/@aws-sdk/signature-v4/-/signature-v4-3.201.0.tgz. Extracting by manifest.
476 silly tarball no local data for @aws-sdk/util-locate-window@https://registry.npmjs.org/@aws-sdk/util-locate-window/-/util-locate-window-3.201.0.tgz. Extracting by manifest.
477 silly tarball no local data for fast-xml-parser@https://registry.npmjs.org/fast-xml-parser/-/fast-xml-parser-4.0.11.tgz. Extracting by manifest.
478 silly tarball no local data for @aws-sdk/middleware-sdk-sts@https://registry.npmjs.org/@aws-sdk/middleware-sdk-sts/-/middleware-sdk-sts-3.201.0.tgz. Extracting by manifest.
479 silly tarball no local data for @aws-crypto/util@https://registry.npmjs.org/@aws-crypto/util/-/util-2.0.2.tgz. Extracting by manifest.
480 silly tarball no local data for @aws-crypto/ie11-detection@https://registry.npmjs.org/@aws-crypto/ie11-detection/-/ie11-detection-2.0.2.tgz. Extracting by manifest.
481 silly tarball no local data for @aws-crypto/supports-web-crypto@https://registry.npmjs.org/@aws-crypto/supports-web-crypto/-/supports-web-crypto-2.0.2.tgz. Extracting by manifest.
482 silly tarball no local data for @aws-sdk/util-utf8-browser@https://registry.npmjs.org/@aws-sdk/util-utf8-browser/-/util-utf8-browser-3.188.0.tgz. Extracting by manifest.
483 silly tarball no local data for @aws-sdk/util-utf8-node@https://registry.npmjs.org/@aws-sdk/util-utf8-node/-/util-utf8-node-3.201.0.tgz. Extracting by manifest.
484 silly tarball no local data for @aws-sdk/util-user-agent-node@https://registry.npmjs.org/@aws-sdk/util-user-agent-node/-/util-user-agent-node-3.201.0.tgz. Extracting by manifest.
485 silly tarball no local data for @aws-sdk/util-endpoints@https://registry.npmjs.org/@aws-sdk/util-endpoints/-/util-endpoints-3.202.0.tgz. Extracting by manifest.
486 silly tarball no local data for @aws-sdk/util-defaults-mode-browser@https://registry.npmjs.org/@aws-sdk/util-defaults-mode-browser/-/util-defaults-mode-browser-3.201.0.tgz. Extracting by manifest.
487 silly tarball no local data for @aws-sdk/util-user-agent-browser@https://registry.npmjs.org/@aws-sdk/util-user-agent-browser/-/util-user-agent-browser-3.201.0.tgz. Extracting by manifest.
488 silly tarball no local data for @aws-sdk/util-defaults-mode-node@https://registry.npmjs.org/@aws-sdk/util-defaults-mode-node/-/util-defaults-mode-node-3.201.0.tgz. Extracting by manifest.
489 silly tarball no local data for @aws-sdk/util-body-length-browser@https://registry.npmjs.org/@aws-sdk/util-body-length-browser/-/util-body-length-browser-3.188.0.tgz. Extracting by manifest.
490 silly tarball no local data for @aws-sdk/util-body-length-node@https://registry.npmjs.org/@aws-sdk/util-body-length-node/-/util-body-length-node-3.201.0.tgz. Extracting by manifest.
491 silly tarball no local data for @aws-sdk/util-base64-node@https://registry.npmjs.org/@aws-sdk/util-base64-node/-/util-base64-node-3.201.0.tgz. Extracting by manifest.
492 silly tarball no local data for @aws-sdk/util-base64-browser@https://registry.npmjs.org/@aws-sdk/util-base64-browser/-/util-base64-browser-3.188.0.tgz. Extracting by manifest.
493 silly tarball no local data for @aws-sdk/util-base64@https://registry.npmjs.org/@aws-sdk/util-base64/-/util-base64-3.202.0.tgz. Extracting by manifest.
494 silly tarball no local data for @aws-sdk/smithy-client@https://registry.npmjs.org/@aws-sdk/smithy-client/-/smithy-client-3.201.0.tgz. Extracting by manifest.
495 silly tarball no local data for @aws-sdk/url-parser@https://registry.npmjs.org/@aws-sdk/url-parser/-/url-parser-3.201.0.tgz. Extracting by manifest.
496 silly tarball no local data for @aws-sdk/protocol-http@https://registry.npmjs.org/@aws-sdk/protocol-http/-/protocol-http-3.201.0.tgz. Extracting by manifest.
497 silly tarball no local data for @aws-sdk/node-http-handler@https://registry.npmjs.org/@aws-sdk/node-http-handler/-/node-http-handler-3.201.0.tgz. Extracting by manifest.
498 silly tarball no local data for @aws-sdk/middleware-user-agent@https://registry.npmjs.org/@aws-sdk/middleware-user-agent/-/middleware-user-agent-3.201.0.tgz. Extracting by manifest.
499 silly tarball no local data for @aws-sdk/middleware-signing@https://registry.npmjs.org/@aws-sdk/middleware-signing/-/middleware-signing-3.201.0.tgz. Extracting by manifest.
500 silly tarball no local data for @aws-sdk/node-config-provider@https://registry.npmjs.org/@aws-sdk/node-config-provider/-/node-config-provider-3.201.0.tgz. Extracting by manifest.
501 silly tarball no local data for @aws-sdk/middleware-stack@https://registry.npmjs.org/@aws-sdk/middleware-stack/-/middleware-stack-3.201.0.tgz. Extracting by manifest.
502 silly tarball no local data for @aws-sdk/middleware-serde@https://registry.npmjs.org/@aws-sdk/middleware-serde/-/middleware-serde-3.201.0.tgz. Extracting by manifest.
503 silly tarball no local data for @aws-sdk/middleware-recursion-detection@https://registry.npmjs.org/@aws-sdk/middleware-recursion-detection/-/middleware-recursion-detection-3.201.0.tgz. Extracting by manifest.
504 silly tarball no local data for @aws-sdk/middleware-retry@https://registry.npmjs.org/@aws-sdk/middleware-retry/-/middleware-retry-3.201.0.tgz. Extracting by manifest.
505 silly tarball no local data for @aws-sdk/middleware-host-header@https://registry.npmjs.org/@aws-sdk/middleware-host-header/-/middleware-host-header-3.201.0.tgz. Extracting by manifest.
506 silly tarball no local data for @aws-sdk/middleware-logger@https://registry.npmjs.org/@aws-sdk/middleware-logger/-/middleware-logger-3.201.0.tgz. Extracting by manifest.
507 silly tarball no local data for @aws-sdk/hash-node@https://registry.npmjs.org/@aws-sdk/hash-node/-/hash-node-3.201.0.tgz. Extracting by manifest.
508 silly tarball no local data for @aws-sdk/middleware-content-length@https://registry.npmjs.org/@aws-sdk/middleware-content-length/-/middleware-content-length-3.201.0.tgz. Extracting by manifest.
509 silly tarball no local data for @aws-sdk/invalid-dependency@https://registry.npmjs.org/@aws-sdk/invalid-dependency/-/invalid-dependency-3.201.0.tgz. Extracting by manifest.
510 silly tarball no local data for @aws-sdk/middleware-endpoint@https://registry.npmjs.org/@aws-sdk/middleware-endpoint/-/middleware-endpoint-3.201.0.tgz. Extracting by manifest.
511 silly tarball no local data for @aws-sdk/fetch-http-handler@https://registry.npmjs.org/@aws-sdk/fetch-http-handler/-/fetch-http-handler-3.204.0.tgz. Extracting by manifest.
512 silly tarball no local data for @aws-crypto/sha256-js@https://registry.npmjs.org/@aws-crypto/sha256-js/-/sha256-js-2.0.0.tgz. Extracting by manifest.
513 silly tarball no local data for @aws-sdk/config-resolver@https://registry.npmjs.org/@aws-sdk/config-resolver/-/config-resolver-3.201.0.tgz. Extracting by manifest.
514 silly tarball no local data for tslib@https://registry.npmjs.org/tslib/-/tslib-2.4.1.tgz. Extracting by manifest.
515 silly tarball no local data for @aws-crypto/sha256-browser@https://registry.npmjs.org/@aws-crypto/sha256-browser/-/sha256-browser-2.0.0.tgz. Extracting by manifest.
516 silly tarball no local data for @aws-sdk/types@https://registry.npmjs.org/@aws-sdk/types/-/types-3.201.0.tgz. Extracting by manifest.
517 silly tarball no local data for @aws-sdk/property-provider@https://registry.npmjs.org/@aws-sdk/property-provider/-/property-provider-3.201.0.tgz. Extracting by manifest.
518 silly tarball no local data for @aws-sdk/shared-ini-file-loader@https://registry.npmjs.org/@aws-sdk/shared-ini-file-loader/-/shared-ini-file-loader-3.201.0.tgz. Extracting by manifest.
519 silly tarball no local data for @aws-sdk/credential-provider-sso@https://registry.npmjs.org/@aws-sdk/credential-provider-sso/-/credential-provider-sso-3.204.0.tgz. Extracting by manifest.
520 silly tarball no local data for @aws-sdk/credential-provider-web-identity@https://registry.npmjs.org/@aws-sdk/credential-provider-web-identity/-/credential-provider-web-identity-3.201.0.tgz. Extracting by manifest.
521 silly tarball no local data for @aws-sdk/credential-provider-process@https://registry.npmjs.org/@aws-sdk/credential-provider-process/-/credential-provider-process-3.201.0.tgz. Extracting by manifest.
522 silly tarball no local data for @aws-sdk/credential-provider-ini@https://registry.npmjs.org/@aws-sdk/credential-provider-ini/-/credential-provider-ini-3.204.0.tgz. Extracting by manifest.
523 silly tarball no local data for @aws-sdk/credential-provider-node@https://registry.npmjs.org/@aws-sdk/credential-provider-node/-/credential-provider-node-3.204.0.tgz. Extracting by manifest.
524 silly tarball no local data for @aws-sdk/credential-provider-imds@https://registry.npmjs.org/@aws-sdk/credential-provider-imds/-/credential-provider-imds-3.201.0.tgz. Extracting by manifest.
525 silly tarball no local data for @aws-sdk/credential-provider-cognito-identity@https://registry.npmjs.org/@aws-sdk/credential-provider-cognito-identity/-/credential-provider-cognito-identity-3.204.0.tgz. Extracting by manifest.
526 silly tarball no local data for @aws-sdk/credential-provider-env@https://registry.npmjs.org/@aws-sdk/credential-provider-env/-/credential-provider-env-3.201.0.tgz. Extracting by manifest.
527 silly tarball no local data for @aws-sdk/client-cognito-identity@https://registry.npmjs.org/@aws-sdk/client-cognito-identity/-/client-cognito-identity-3.204.0.tgz. Extracting by manifest.
528 silly tarball no local data for @aws-sdk/client-sts@https://registry.npmjs.org/@aws-sdk/client-sts/-/client-sts-3.204.0.tgz. Extracting by manifest.
529 silly tarball no local data for socks@https://registry.npmjs.org/socks/-/socks-2.7.1.tgz. Extracting by manifest.
530 silly tarball no local data for @aws-sdk/client-sso@https://registry.npmjs.org/@aws-sdk/client-sso/-/client-sso-3.204.0.tgz. Extracting by manifest.
531 silly tarball no local data for saslprep@https://registry.npmjs.org/saslprep/-/saslprep-1.0.3.tgz. Extracting by manifest.
532 silly tarball no local data for @aws-sdk/credential-providers@https://registry.npmjs.org/@aws-sdk/credential-providers/-/credential-providers-3.204.0.tgz. Extracting by manifest.
533 silly tarball no local data for denque@https://registry.npmjs.org/denque/-/denque-2.1.0.tgz. Extracting by manifest.
534 silly tarball no local data for ieee754@https://registry.npmjs.org/ieee754/-/ieee754-1.2.1.tgz. Extracting by manifest.
535 silly tarball no local data for base64-js@https://registry.npmjs.org/base64-js/-/base64-js-1.5.1.tgz. Extracting by manifest.
536 silly tarball no local data for sift@https://registry.npmjs.org/sift/-/sift-16.0.1.tgz. Extracting by manifest.
537 silly tarball no local data for mongodb-connection-string-url@https://registry.npmjs.org/mongodb-connection-string-url/-/mongodb-connection-string-url-2.5.4.tgz. Extracting by manifest.
538 silly tarball no local data for mquery@https://registry.npmjs.org/mquery/-/mquery-4.0.3.tgz. Extracting by manifest.
539 silly tarball no local data for mpath@https://registry.npmjs.org/mpath/-/mpath-0.9.0.tgz. Extracting by manifest.
540 silly tarball no local data for buffer@https://registry.npmjs.org/buffer/-/buffer-5.7.1.tgz. Extracting by manifest.
541 silly tarball no local data for bson@https://registry.npmjs.org/bson/-/bson-4.7.0.tgz. Extracting by manifest.
542 silly tarball no local data for kareem@https://registry.npmjs.org/kareem/-/kareem-2.4.1.tgz. Extracting by manifest.
543 silly tarball no local data for mongoose@https://registry.npmjs.org/mongoose/-/mongoose-6.7.1.tgz. Extracting by manifest.
544 silly tarball no local data for mongodb@https://registry.npmjs.org/mongodb/-/mongodb-4.11.0.tgz. Extracting by manifest.
545 silly tarball no local data for tslib@https://registry.npmjs.org/tslib/-/tslib-1.14.1.tgz. Extracting by manifest.
546 silly tarball no local data for tslib@https://registry.npmjs.org/tslib/-/tslib-1.14.1.tgz. Extracting by manifest.
547 silly tarball no local data for tslib@https://registry.npmjs.org/tslib/-/tslib-1.14.1.tgz. Extracting by manifest.
548 silly tarball no local data for ms@https://registry.npmjs.org/ms/-/ms-2.1.2.tgz. Extracting by manifest.
549 silly tarball no local data for tslib@https://registry.npmjs.org/tslib/-/tslib-1.14.1.tgz. Extracting by manifest.
550 silly tarball no local data for tslib@https://registry.npmjs.org/tslib/-/tslib-1.14.1.tgz. Extracting by manifest.
551 silly tarball no local data for debug@https://registry.npmjs.org/debug/-/debug-4.3.4.tgz. Extracting by manifest.
552 timing reifyNode:node_modules/mongoose/node_modules/ms Completed in 248ms
553 http fetch POST 200 https://registry.npmjs.org/-/npm/v1/security/advisories/bulk 263ms
554 timing auditReport:getReport Completed in 268ms
555 silly audit report {}
556 timing auditReport:init Completed in 0ms
557 timing reify:audit Completed in 268ms
558 http fetch GET 200 https://registry.npmjs.org/webidl-conversions/-/webidl-conversions-7.0.0.tgz 307ms (cache miss)
559 http fetch GET 200 https://registry.npmjs.org/ip/-/ip-2.0.0.tgz 305ms (cache miss)
560 timing reifyNode:node_modules/ip Completed in 373ms
561 timing reifyNode:node_modules/webidl-conversions Completed in 378ms
562 http fetch GET 200 https://registry.npmjs.org/strnum/-/strnum-1.0.5.tgz 307ms (cache miss)
563 http fetch GET 200 https://registry.npmjs.org/punycode/-/punycode-2.1.1.tgz 319ms (cache miss)
564 http fetch GET 200 https://registry.npmjs.org/@aws-sdk/querystring-parser/-/querystring-parser-3.201.0.tgz 310ms (cache miss)
565 http fetch GET 200 https://registry.npmjs.org/sparse-bitfield/-/sparse-bitfield-3.0.3.tgz 318ms (cache miss)
566 http fetch GET 200 https://registry.npmjs.org/memory-pager/-/memory-pager-1.5.0.tgz 341ms (cache miss)
567 timing reifyNode:node_modules/strnum Completed in 405ms
568 timing reifyNode:node_modules/punycode Completed in 411ms
569 timing reifyNode:node_modules/sparse-bitfield Completed in 411ms
570 timing reifyNode:node_modules/memory-pager Completed in 414ms
571 http fetch GET 200 https://registry.npmjs.org/@aws-sdk/util-hex-encoding/-/util-hex-encoding-3.201.0.tgz 344ms (cache miss)
572 timing reifyNode:node_modules/@aws-sdk/querystring-parser Completed in 425ms
573 timing reifyNode:node_modules/@aws-sdk/util-hex-encoding Completed in 438ms
574 http fetch GET 200 https://registry.npmjs.org/bowser/-/bowser-2.11.0.tgz 399ms (cache miss)
575 timing reifyNode:node_modules/bowser Completed in 471ms
576 http fetch GET 200 https://registry.npmjs.org/whatwg-url/-/whatwg-url-11.0.0.tgz 407ms (cache miss)
577 timing reifyNode:node_modules/whatwg-url Completed in 477ms
578 http fetch GET 200 https://registry.npmjs.org/smart-buffer/-/smart-buffer-4.2.0.tgz 437ms (cache miss)
579 timing reifyNode:node_modules/smart-buffer Completed in 502ms
580 http fetch GET 200 https://registry.npmjs.org/@aws-sdk/util-uri-escape/-/util-uri-escape-3.201.0.tgz 487ms (cache miss)
581 http fetch GET 200 https://registry.npmjs.org/@aws-sdk/util-config-provider/-/util-config-provider-3.201.0.tgz 487ms (cache miss)
582 http fetch GET 200 https://registry.npmjs.org/@aws-sdk/is-array-buffer/-/is-array-buffer-3.201.0.tgz 517ms (cache miss)
583 timing reifyNode:node_modules/@aws-sdk/is-array-buffer Completed in 596ms
584 http fetch GET 200 https://registry.npmjs.org/@aws-sdk/service-error-classification/-/service-error-classification-3.201.0.tgz 525ms (cache miss)
585 http fetch GET 200 https://registry.npmjs.org/tr46/-/tr46-3.0.0.tgz 543ms (cache miss)
586 timing reifyNode:node_modules/tr46 Completed in 605ms
587 timing reifyNode:node_modules/@aws-sdk/util-config-provider Completed in 605ms
588 timing reifyNode:node_modules/@aws-sdk/util-uri-escape Completed in 622ms
589 timing reifyNode:node_modules/@aws-sdk/service-error-classification Completed in 631ms
590 http fetch GET 200 https://registry.npmjs.org/@aws-sdk/querystring-builder/-/querystring-builder-3.201.0.tgz 572ms (cache miss)
591 timing reifyNode:node_modules/@aws-sdk/querystring-builder Completed in 689ms
592 http fetch GET 200 https://registry.npmjs.org/@types/whatwg-url/-/whatwg-url-8.2.2.tgz 636ms (cache miss)
593 timing reifyNode:node_modules/@types/whatwg-url Completed in 737ms
594 http fetch GET 200 https://registry.npmjs.org/@aws-sdk/util-locate-window/-/util-locate-window-3.201.0.tgz 659ms (cache miss)
595 http fetch GET 200 https://registry.npmjs.org/@types/webidl-conversions/-/webidl-conversions-7.0.0.tgz 680ms (cache miss)
596 timing reifyNode:node_modules/@types/webidl-conversions Completed in 747ms
597 timing reifyNode:node_modules/@aws-sdk/util-locate-window Completed in 756ms
598 http fetch GET 200 https://registry.npmjs.org/uuid/-/uuid-8.3.2.tgz 691ms (cache miss)
599 timing reifyNode:node_modules/uuid Completed in 766ms
600 http fetch GET 200 https://registry.npmjs.org/@aws-sdk/util-utf8-node/-/util-utf8-node-3.201.0.tgz 758ms (cache miss)
601 timing reifyNode:node_modules/@aws-sdk/util-utf8-node Completed in 861ms
602 http fetch GET 200 https://registry.npmjs.org/fast-xml-parser/-/fast-xml-parser-4.0.11.tgz 796ms (cache miss)
603 timing reifyNode:node_modules/fast-xml-parser Completed in 885ms
604 http fetch GET 200 https://registry.npmjs.org/@aws-crypto/util/-/util-2.0.2.tgz 801ms (cache miss)
605 timing reifyNode:node_modules/@aws-crypto/util Completed in 926ms
606 http fetch GET 200 https://registry.npmjs.org/@aws-sdk/util-utf8-browser/-/util-utf8-browser-3.188.0.tgz 850ms (cache miss)
607 timing reifyNode:node_modules/@aws-sdk/util-utf8-browser Completed in 971ms
608 http fetch GET 200 https://registry.npmjs.org/@aws-sdk/util-defaults-mode-node/-/util-defaults-mode-node-3.201.0.tgz 888ms (cache miss)
609 http fetch GET 200 https://registry.npmjs.org/@aws-sdk/signature-v4/-/signature-v4-3.201.0.tgz 929ms (cache miss)
610 timing reifyNode:node_modules/@aws-sdk/signature-v4 Completed in 1016ms
611 http fetch GET 200 https://registry.npmjs.org/@aws-sdk/abort-controller/-/abort-controller-3.201.0.tgz 951ms (cache miss)
612 http fetch GET 200 https://registry.npmjs.org/@aws-sdk/util-middleware/-/util-middleware-3.201.0.tgz 953ms (cache miss)
613 timing reifyNode:node_modules/@aws-sdk/util-defaults-mode-node Completed in 1054ms
614 timing reifyNode:node_modules/@aws-sdk/util-middleware Completed in 1056ms
615 timing reifyNode:node_modules/@aws-sdk/abort-controller Completed in 1058ms
616 http fetch GET 200 https://registry.npmjs.org/@aws-crypto/ie11-detection/-/ie11-detection-2.0.2.tgz 1089ms (cache miss)
617 http fetch GET 200 https://registry.npmjs.org/@aws-sdk/util-base64-node/-/util-base64-node-3.201.0.tgz 1081ms (cache miss)
618 timing reifyNode:node_modules/@aws-sdk/util-base64-node Completed in 1233ms
619 http fetch GET 200 https://registry.npmjs.org/@aws-sdk/middleware-sdk-sts/-/middleware-sdk-sts-3.201.0.tgz 1166ms (cache miss)
620 http fetch GET 200 https://registry.npmjs.org/@aws-sdk/util-body-length-node/-/util-body-length-node-3.201.0.tgz 1153ms (cache miss)
621 http fetch GET 200 https://registry.npmjs.org/@aws-sdk/util-user-agent-node/-/util-user-agent-node-3.201.0.tgz 1177ms (cache miss)
622 http fetch GET 200 https://registry.npmjs.org/@aws-sdk/util-base64/-/util-base64-3.202.0.tgz 1172ms (cache miss)
623 timing reifyNode:node_modules/@aws-sdk/middleware-sdk-sts Completed in 1286ms
624 timing reifyNode:node_modules/@aws-crypto/ie11-detection Completed in 1311ms
625 http fetch GET 200 https://registry.npmjs.org/@aws-sdk/util-buffer-from/-/util-buffer-from-3.201.0.tgz 1239ms (cache miss)
626 timing reifyNode:node_modules/@aws-sdk/util-body-length-node Completed in 1332ms
627 http fetch GET 200 https://registry.npmjs.org/@aws-crypto/supports-web-crypto/-/supports-web-crypto-2.0.2.tgz 1248ms (cache miss)
628 timing reifyNode:node_modules/@aws-sdk/util-buffer-from Completed in 1348ms
629 timing reifyNode:node_modules/@aws-sdk/util-user-agent-node Completed in 1349ms
630 timing reifyNode:node_modules/@aws-crypto/supports-web-crypto Completed in 1382ms
631 http fetch GET 200 https://registry.npmjs.org/@aws-sdk/middleware-serde/-/middleware-serde-3.201.0.tgz 1283ms (cache miss)
632 timing reifyNode:node_modules/@aws-sdk/util-base64 Completed in 1412ms
633 http fetch GET 200 https://registry.npmjs.org/@aws-sdk/url-parser/-/url-parser-3.201.0.tgz 1370ms (cache miss)
634 http fetch GET 200 https://registry.npmjs.org/@aws-sdk/util-user-agent-browser/-/util-user-agent-browser-3.201.0.tgz 1380ms (cache miss)
635 http fetch GET 200 https://registry.npmjs.org/@aws-sdk/protocol-http/-/protocol-http-3.201.0.tgz 1378ms (cache miss)
636 http fetch GET 200 https://registry.npmjs.org/@aws-sdk/util-defaults-mode-browser/-/util-defaults-mode-browser-3.201.0.tgz 1395ms (cache miss)
637 http fetch GET 200 https://registry.npmjs.org/@aws-sdk/middleware-stack/-/middleware-stack-3.201.0.tgz 1377ms (cache miss)
638 timing reifyNode:node_modules/@aws-sdk/middleware-serde Completed in 1501ms
639 timing reifyNode:node_modules/@aws-sdk/url-parser Completed in 1534ms
640 http fetch GET 200 https://registry.npmjs.org/@aws-sdk/middleware-endpoint/-/middleware-endpoint-3.201.0.tgz 1597ms (cache miss)
641 http fetch GET 200 https://registry.npmjs.org/@aws-sdk/util-base64-browser/-/util-base64-browser-3.188.0.tgz 1657ms (cache miss)
642 http fetch GET 200 https://registry.npmjs.org/@aws-sdk/middleware-host-header/-/middleware-host-header-3.201.0.tgz 1646ms (cache miss)
643 timing reifyNode:node_modules/@aws-sdk/util-user-agent-browser Completed in 1770ms
644 http fetch GET 200 https://registry.npmjs.org/@aws-sdk/middleware-user-agent/-/middleware-user-agent-3.201.0.tgz 1656ms (cache miss)
645 http fetch GET 200 https://registry.npmjs.org/@aws-sdk/fetch-http-handler/-/fetch-http-handler-3.204.0.tgz 1639ms (cache miss)
646 timing reifyNode:node_modules/@aws-sdk/middleware-stack Completed in 1774ms
647 http fetch GET 200 https://registry.npmjs.org/@aws-sdk/middleware-logger/-/middleware-logger-3.201.0.tgz 1677ms (cache miss)
648 http fetch GET 200 https://registry.npmjs.org/@aws-sdk/util-body-length-browser/-/util-body-length-browser-3.188.0.tgz 1774ms (cache miss)
649 http fetch GET 200 https://registry.npmjs.org/@aws-sdk/invalid-dependency/-/invalid-dependency-3.201.0.tgz 1801ms (cache miss)
650 timing reifyNode:node_modules/@aws-sdk/util-defaults-mode-browser Completed in 1963ms
651 timing reifyNode:node_modules/@aws-sdk/util-base64-browser Completed in 1968ms
652 http fetch GET 200 https://registry.npmjs.org/tslib/-/tslib-2.4.1.tgz 1834ms (cache miss)
653 timing reifyNode:node_modules/@aws-sdk/middleware-host-header Completed in 1970ms
654 http fetch GET 200 https://registry.npmjs.org/@aws-sdk/credential-provider-sso/-/credential-provider-sso-3.204.0.tgz 1848ms (cache miss)
655 timing reifyNode:node_modules/@aws-sdk/protocol-http Completed in 1988ms
656 http fetch GET 200 https://registry.npmjs.org/@aws-sdk/node-config-provider/-/node-config-provider-3.201.0.tgz 1893ms (cache miss)
657 http fetch GET 200 https://registry.npmjs.org/@types/node/-/node-18.11.9.tgz 1995ms (cache miss)
658 timing reifyNode:node_modules/@types/node Completed in 2063ms
659 http fetch GET 200 https://registry.npmjs.org/@aws-sdk/middleware-recursion-detection/-/middleware-recursion-detection-3.201.0.tgz 2008ms (cache miss)
660 http fetch GET 200 https://registry.npmjs.org/@aws-sdk/property-provider/-/property-provider-3.201.0.tgz 2016ms (cache miss)
661 timing reifyNode:node_modules/@aws-sdk/middleware-logger Completed in 2168ms
662 http fetch GET 200 https://registry.npmjs.org/@aws-sdk/hash-node/-/hash-node-3.201.0.tgz 2070ms (cache miss)
663 timing reifyNode:node_modules/@aws-sdk/util-body-length-browser Completed in 2195ms
664 http fetch GET 200 https://registry.npmjs.org/@aws-crypto/sha256-browser/-/sha256-browser-2.0.0.tgz 2061ms (cache miss)
665 http fetch GET 200 https://registry.npmjs.org/@aws-sdk/credential-provider-node/-/credential-provider-node-3.204.0.tgz 2079ms (cache miss)
666 http fetch GET 200 https://registry.npmjs.org/@aws-sdk/credential-provider-ini/-/credential-provider-ini-3.204.0.tgz 2081ms (cache miss)
667 http fetch GET 200 https://registry.npmjs.org/@aws-sdk/credential-provider-web-identity/-/credential-provider-web-identity-3.201.0.tgz 2090ms (cache miss)
668 timing reifyNode:node_modules/@aws-sdk/middleware-recursion-detection Completed in 2230ms
669 http fetch GET 200 https://registry.npmjs.org/@aws-sdk/shared-ini-file-loader/-/shared-ini-file-loader-3.201.0.tgz 2110ms (cache miss)
670 timing reifyNode:node_modules/tslib Completed in 2254ms
671 http fetch GET 200 https://registry.npmjs.org/@aws-sdk/node-http-handler/-/node-http-handler-3.201.0.tgz 2147ms (cache miss)
672 http fetch GET 200 https://registry.npmjs.org/@aws-sdk/credential-provider-cognito-identity/-/credential-provider-cognito-identity-3.204.0.tgz 2125ms (cache miss)
673 timing reifyNode:node_modules/@aws-sdk/node-http-handler Completed in 2282ms
674 timing reifyNode:node_modules/@aws-sdk/hash-node Completed in 2327ms
675 timing reifyNode:node_modules/@aws-sdk/fetch-http-handler Completed in 2364ms
676 http fetch GET 200 https://registry.npmjs.org/@aws-sdk/middleware-content-length/-/middleware-content-length-3.201.0.tgz 2253ms (cache miss)
677 timing reifyNode:node_modules/@aws-sdk/invalid-dependency Completed in 2401ms
678 http fetch GET 200 https://registry.npmjs.org/denque/-/denque-2.1.0.tgz 2403ms (cache miss)
679 timing reifyNode:node_modules/@aws-sdk/middleware-user-agent Completed in 2568ms
680 http fetch GET 200 https://registry.npmjs.org/ieee754/-/ieee754-1.2.1.tgz 2467ms (cache miss)
681 http fetch GET 200 https://registry.npmjs.org/base64-js/-/base64-js-1.5.1.tgz 2488ms (cache miss)
682 http fetch GET 200 https://registry.npmjs.org/mongodb-connection-string-url/-/mongodb-connection-string-url-2.5.4.tgz 2519ms (cache miss)
683 timing reifyNode:node_modules/denque Completed in 2715ms
684 timing reifyNode:node_modules/ieee754 Completed in 2734ms
685 http fetch GET 200 https://registry.npmjs.org/@aws-sdk/middleware-signing/-/middleware-signing-3.201.0.tgz 2625ms (cache miss)
686 timing reifyNode:node_modules/base64-js Completed in 2757ms
687 http fetch GET 200 https://registry.npmjs.org/mpath/-/mpath-0.9.0.tgz 2594ms (cache miss)
688 http fetch GET 200 https://registry.npmjs.org/@aws-sdk/credential-provider-env/-/credential-provider-env-3.201.0.tgz 2613ms (cache miss)
689 http fetch GET 200 https://registry.npmjs.org/ms/-/ms-2.1.2.tgz 2587ms (cache miss)
690 timing reifyNode:node_modules/mquery/node_modules/ms Completed in 2768ms
691 http fetch GET 200 https://registry.npmjs.org/tslib/-/tslib-1.14.1.tgz 2592ms (cache miss)
692 http fetch GET 200 https://registry.npmjs.org/@aws-sdk/credential-provider-process/-/credential-provider-process-3.201.0.tgz 2635ms (cache miss)
693 http fetch GET 200 https://registry.npmjs.org/saslprep/-/saslprep-1.0.3.tgz 2628ms (cache miss)
694 http fetch GET 200 https://registry.npmjs.org/tslib/-/tslib-1.14.1.tgz 2616ms (cache miss)
695 http fetch GET 200 https://registry.npmjs.org/tslib/-/tslib-1.14.1.tgz 2611ms (cache miss)
696 http fetch GET 200 https://registry.npmjs.org/@aws-sdk/smithy-client/-/smithy-client-3.201.0.tgz 2681ms (cache miss)
697 timing reifyNode:node_modules/@aws-sdk/middleware-content-length Completed in 2800ms
698 http fetch GET 200 https://registry.npmjs.org/tslib/-/tslib-1.14.1.tgz 2619ms (cache miss)
699 timing reifyNode:node_modules/@aws-sdk/smithy-client Completed in 2820ms
700 http fetch GET 200 https://registry.npmjs.org/buffer/-/buffer-5.7.1.tgz 2675ms (cache miss)
701 timing reifyNode:node_modules/@aws-sdk/credential-provider-node Completed in 2850ms
702 timing reifyNode:node_modules/buffer Completed in 2854ms
703 timing reifyNode:node_modules/@aws-sdk/credential-provider-web-identity Completed in 2871ms
704 timing reifyNode:node_modules/mongodb-connection-string-url Completed in 2917ms
705 timing reifyNode:node_modules/@aws-sdk/node-config-provider Completed in 2938ms
706 timing reifyNode:node_modules/mpath Completed in 2988ms
707 timing reifyNode:node_modules/@aws-sdk/credential-provider-sso Completed in 3003ms
708 timing reifyNode:node_modules/@aws-crypto/sha256-browser Completed in 3009ms
709 timing reifyNode:node_modules/@aws-sdk/credential-provider-env Completed in 3013ms
710 timing reifyNode:node_modules/@aws-crypto/ie11-detection/node_modules/tslib Completed in 3018ms
711 timing reifyNode:node_modules/@aws-crypto/supports-web-crypto/node_modules/tslib Completed in 3022ms
712 timing reifyNode:node_modules/@aws-crypto/sha256-js/node_modules/tslib Completed in 3022ms
713 timing reifyNode:node_modules/@aws-crypto/sha256-browser/node_modules/tslib Completed in 3045ms
714 http fetch GET 200 https://registry.npmjs.org/@aws-crypto/sha256-js/-/sha256-js-2.0.0.tgz 2922ms (cache miss)
715 timing reifyNode:node_modules/@aws-crypto/sha256-js Completed in 3074ms
716 http fetch GET 200 https://registry.npmjs.org/tslib/-/tslib-1.14.1.tgz 2982ms (cache miss)
717 http fetch GET 200 https://registry.npmjs.org/debug/-/debug-4.3.4.tgz 3005ms (cache miss)
718 timing reifyNode:node_modules/@aws-sdk/property-provider Completed in 3194ms
719 http fetch GET 200 https://registry.npmjs.org/kareem/-/kareem-2.4.1.tgz 3030ms (cache miss)
720 timing reifyNode:node_modules/kareem Completed in 3196ms
721 timing reifyNode:node_modules/saslprep Completed in 3223ms
722 timing reifyNode:node_modules/mquery/node_modules/debug Completed in 3246ms
723 timing reifyNode:node_modules/@aws-sdk/credential-provider-ini Completed in 3271ms
724 timing reifyNode:node_modules/@aws-sdk/credential-provider-process Completed in 3273ms
725 http fetch GET 200 https://registry.npmjs.org/mquery/-/mquery-4.0.3.tgz 3124ms (cache miss)
726 timing reifyNode:node_modules/mquery Completed in 3309ms
727 timing reifyNode:node_modules/@aws-sdk/middleware-signing Completed in 3335ms
728 timing reifyNode:node_modules/@aws-crypto/util/node_modules/tslib Completed in 3339ms
729 timing reifyNode:node_modules/@aws-sdk/middleware-endpoint Completed in 3378ms
730 timing reifyNode:node_modules/@aws-sdk/credential-provider-cognito-identity Completed in 3429ms
731 http fetch GET 200 https://registry.npmjs.org/@aws-sdk/middleware-retry/-/middleware-retry-3.201.0.tgz 3329ms (cache miss)
732 http fetch GET 200 https://registry.npmjs.org/@aws-sdk/util-endpoints/-/util-endpoints-3.202.0.tgz 3354ms (cache miss)
733 timing reifyNode:node_modules/@aws-sdk/util-endpoints Completed in 3451ms
734 http fetch GET 200 https://registry.npmjs.org/socks/-/socks-2.7.1.tgz 3297ms (cache miss)
735 http fetch GET 200 https://registry.npmjs.org/sift/-/sift-16.0.1.tgz 3292ms (cache miss)
736 timing reifyNode:node_modules/@aws-sdk/middleware-retry Completed in 3456ms
737 timing reifyNode:node_modules/socks Completed in 3456ms
738 timing reifyNode:node_modules/sift Completed in 3462ms
739 timing reifyNode:node_modules/@aws-sdk/shared-ini-file-loader Completed in 3576ms
740 http fetch GET 200 https://registry.npmjs.org/@aws-sdk/credential-providers/-/credential-providers-3.204.0.tgz 3421ms (cache miss)
741 timing reifyNode:node_modules/@aws-sdk/credential-providers Completed in 3583ms
742 http fetch GET 200 https://registry.npmjs.org/@aws-sdk/credential-provider-imds/-/credential-provider-imds-3.201.0.tgz 3453ms (cache miss)
743 timing reifyNode:node_modules/@aws-sdk/credential-provider-imds Completed in 3603ms
744 http fetch GET 200 https://registry.npmjs.org/@aws-sdk/types/-/types-3.201.0.tgz 3838ms (cache miss)
745 timing reifyNode:node_modules/@aws-sdk/types Completed in 3979ms
746 http fetch GET 200 https://registry.npmjs.org/@aws-sdk/config-resolver/-/config-resolver-3.201.0.tgz 3847ms (cache miss)
747 timing reifyNode:node_modules/@aws-sdk/config-resolver Completed in 3984ms
748 http fetch GET 200 https://registry.npmjs.org/@aws-sdk/client-sso/-/client-sso-3.204.0.tgz 4236ms (cache miss)
749 timing reifyNode:node_modules/@aws-sdk/client-sso Completed in 4407ms
750 http fetch GET 200 https://registry.npmjs.org/@aws-sdk/client-sts/-/client-sts-3.204.0.tgz 4371ms (cache miss)
751 timing reifyNode:node_modules/@aws-sdk/client-sts Completed in 4536ms
752 http fetch GET 200 https://registry.npmjs.org/mongoose/-/mongoose-6.7.1.tgz 7100ms (cache miss)
753 timing reifyNode:node_modules/mongoose Completed in 7270ms
754 http fetch GET 200 https://registry.npmjs.org/mongodb/-/mongodb-4.11.0.tgz 7354ms (cache miss)
755 timing reifyNode:node_modules/mongodb Completed in 7528ms
756 http fetch GET 200 https://registry.npmjs.org/@aws-sdk/client-cognito-identity/-/client-cognito-identity-3.204.0.tgz 7435ms (cache miss)
757 timing reifyNode:node_modules/@aws-sdk/client-cognito-identity Completed in 7588ms
758 http fetch GET 200 https://registry.npmjs.org/bson/-/bson-4.7.0.tgz 7516ms (cache miss)
759 timing reifyNode:node_modules/bson Completed in 7682ms
760 timing reify:unpack Completed in 7689ms
761 timing reify:unretire Completed in 0ms
762 timing build:queue Completed in 6ms
763 timing build:link:node_modules/uuid Completed in 7ms
764 timing build:link:node_modules/fast-xml-parser Completed in 13ms
765 timing build:link Completed in 13ms
766 timing build:deps Completed in 20ms
767 timing build Completed in 20ms
768 timing reify:build Completed in 20ms
769 timing reify:trash Completed in 0ms
770 timing reify:save Completed in 61ms
771 timing reify Completed in 22195ms
772 silly ADD node_modules/punycode
773 silly ADD node_modules/webidl-conversions
774 silly ADD node_modules/tr46
775 silly ADD node_modules/memory-pager
776 silly ADD node_modules/smart-buffer
777 silly ADD node_modules/ip
778 silly ADD node_modules/sparse-bitfield
779 silly ADD node_modules/@types/webidl-conversions
780 silly ADD node_modules/@types/node
781 silly ADD node_modules/whatwg-url
782 silly ADD node_modules/@types/whatwg-url
783 silly ADD node_modules/strnum
784 silly ADD node_modules/bowser
785 silly ADD node_modules/@aws-sdk/querystring-parser
786 silly ADD node_modules/@aws-sdk/util-hex-encoding
787 silly ADD node_modules/@aws-sdk/is-array-buffer
788 silly ADD node_modules/@aws-sdk/util-uri-escape
789 silly ADD node_modules/@aws-sdk/abort-controller
790 silly ADD node_modules/uuid
791 silly ADD node_modules/@aws-sdk/service-error-classification
792 silly ADD node_modules/@aws-sdk/util-buffer-from
793 silly ADD node_modules/@aws-sdk/querystring-builder
794 silly ADD node_modules/@aws-sdk/util-middleware
795 silly ADD node_modules/@aws-sdk/util-config-provider
796 silly ADD node_modules/@aws-sdk/signature-v4
797 silly ADD node_modules/fast-xml-parser
798 silly ADD node_modules/@aws-sdk/middleware-sdk-sts
799 silly ADD node_modules/@aws-sdk/util-locate-window
800 silly ADD node_modules/@aws-crypto/util
801 silly ADD node_modules/@aws-crypto/util/node_modules/tslib
802 silly ADD node_modules/@aws-crypto/supports-web-crypto
803 silly ADD node_modules/@aws-crypto/supports-web-crypto/node_modules/tslib
804 silly ADD node_modules/@aws-crypto/ie11-detection
805 silly ADD node_modules/@aws-crypto/ie11-detection/node_modules/tslib
806 silly ADD node_modules/@aws-sdk/util-utf8-node
807 silly ADD node_modules/@aws-sdk/util-utf8-browser
808 silly ADD node_modules/@aws-sdk/util-user-agent-node
809 silly ADD node_modules/@aws-sdk/util-user-agent-browser
810 silly ADD node_modules/@aws-sdk/util-endpoints
811 silly ADD node_modules/@aws-sdk/util-defaults-mode-node
812 silly ADD node_modules/@aws-sdk/util-defaults-mode-browser
813 silly ADD node_modules/@aws-sdk/util-body-length-node
814 silly ADD node_modules/@aws-sdk/util-body-length-browser
815 silly ADD node_modules/@aws-sdk/util-base64-node
816 silly ADD node_modules/@aws-sdk/util-base64-browser
817 silly ADD node_modules/@aws-sdk/util-base64
818 silly ADD node_modules/@aws-sdk/url-parser
819 silly ADD node_modules/@aws-sdk/smithy-client
820 silly ADD node_modules/@aws-sdk/protocol-http
821 silly ADD node_modules/@aws-sdk/node-http-handler
822 silly ADD node_modules/@aws-sdk/node-config-provider
823 silly ADD node_modules/@aws-sdk/middleware-user-agent
824 silly ADD node_modules/@aws-sdk/middleware-stack
825 silly ADD node_modules/@aws-sdk/middleware-signing
826 silly ADD node_modules/@aws-sdk/middleware-serde
827 silly ADD node_modules/@aws-sdk/middleware-retry
828 silly ADD node_modules/@aws-sdk/middleware-recursion-detection
829 silly ADD node_modules/@aws-sdk/middleware-logger
830 silly ADD node_modules/@aws-sdk/middleware-host-header
831 silly ADD node_modules/@aws-sdk/middleware-endpoint
832 silly ADD node_modules/@aws-sdk/middleware-content-length
833 silly ADD node_modules/@aws-sdk/invalid-dependency
834 silly ADD node_modules/@aws-sdk/hash-node
835 silly ADD node_modules/@aws-sdk/fetch-http-handler
836 silly ADD node_modules/@aws-sdk/config-resolver
837 silly ADD node_modules/@aws-crypto/sha256-js
838 silly ADD node_modules/@aws-crypto/sha256-js/node_modules/tslib
839 silly ADD node_modules/@aws-crypto/sha256-browser
840 silly ADD node_modules/@aws-crypto/sha256-browser/node_modules/tslib
841 silly ADD node_modules/tslib
842 silly ADD node_modules/@aws-sdk/types
843 silly ADD node_modules/@aws-sdk/shared-ini-file-loader
844 silly ADD node_modules/@aws-sdk/property-provider
845 silly ADD node_modules/@aws-sdk/credential-provider-web-identity
846 silly ADD node_modules/@aws-sdk/credential-provider-sso
847 silly ADD node_modules/@aws-sdk/credential-provider-process
848 silly ADD node_modules/@aws-sdk/credential-provider-node
849 silly ADD node_modules/@aws-sdk/credential-provider-ini
850 silly ADD node_modules/@aws-sdk/credential-provider-imds
851 silly ADD node_modules/@aws-sdk/credential-provider-env
852 silly ADD node_modules/@aws-sdk/credential-provider-cognito-identity
853 silly ADD node_modules/@aws-sdk/client-sts
854 silly ADD node_modules/@aws-sdk/client-sso
855 silly ADD node_modules/@aws-sdk/client-cognito-identity
856 silly ADD node_modules/socks
857 silly ADD node_modules/saslprep
858 silly ADD node_modules/mongodb-connection-string-url
859 silly ADD node_modules/denque
860 silly ADD node_modules/@aws-sdk/credential-providers
861 silly ADD node_modules/ieee754
862 silly ADD node_modules/base64-js
863 silly ADD node_modules/buffer
864 silly ADD node_modules/sift
865 silly ADD node_modules/mquery
866 silly ADD node_modules/mquery/node_modules/ms
867 silly ADD node_modules/mquery/node_modules/debug
868 silly ADD node_modules/mpath
869 silly ADD node_modules/mongodb
870 silly ADD node_modules/kareem
871 silly ADD node_modules/bson
872 silly ADD node_modules/mongoose
873 silly ADD node_modules/mongoose/node_modules/ms
874 timing command:i Completed in 22206ms
875 verbose exit 0
876 timing npm Completed in 22402ms
877 info ok
